board index: 100
init board: 
max_col_idx: 14
Game Board: 
342333511111425
315315423131122
555111522434545
522132113244113
334213231351541
352334541311521
354521215152542
131252415241431
233142125353452
124242425135155
324322153134133
553222551412341
322512233341224
225424245412441
534155531315115
Number of Color 1: 54
Number of Color 2: 48
Number of Color 3: 44
Number of Color 4: 35
Number of Color 5: 44
Current Score: 0
Time Used: 980.051 seconds
999999
1384469770
2167641107412
Average score: 1384.47
Top score: 2568
board index: 101
init board: 
max_col_idx: 14
Game Board: 
333515114352235
244153125114353
231445442543341
315115433334334
555132245424555
131521415435511
254211433443331
421351231141413
335554323345241
314445544423542
214332431142454
332532521241254
154342231355243
245414222332353
251515512342554
Number of Color 1: 41
Number of Color 2: 37
Number of Color 3: 51
Number of Color 4: 50
Number of Color 5: 46
Current Score: 0
Time Used: 957.732 seconds
999999
1145280484
1516037578954
Average score: 1145.28
Top score: 2361
board index: 102
init board: 
max_col_idx: 14
Game Board: 
324322433153122
325323551122351
253321151432124
245251232553231
335151123132231
433315453134525
422352215535445
213315343232443
412155324124412
524132333252532
122515544513354
322342351315113
231111454521415
334141343423222
151553153414422
Number of Color 1: 45
Number of Color 2: 51
Number of Color 3: 54
Number of Color 4: 33
Number of Color 5: 42
Current Score: 0
Time Used: 924 seconds
999999
1177474346
1737693325460
Average score: 1177.48
Top score: 2589
board index: 103
init board: 
max_col_idx: 14
Game Board: 
321511553331515
522243253414544
152225315442432
532443211313215
221133112231254
433154215443234
553415423423352
111332352115513
341144132355222
312145555215312
234142433451315
334245512114332
244522155224555
344121151341552
345125341122555
Number of Color 1: 48
Number of Color 2: 47
Number of Color 3: 44
Number of Color 4: 38
Number of Color 5: 48
Current Score: 0
Time Used: 898.198 seconds
999999
1374206370
2151297698132
Average score: 1374.21
Top score: 2400
board index: 104
init board: 
max_col_idx: 14
Game Board: 
112453221541335
235414112235531
243352124311414
143415133212322
321211132115434
452224342251344
532222214435121
521221343143522
415133255331551
325514312143545
334322414552221
221212513452351
551123512455134
223422153251415
344122141322234
Number of Color 1: 52
Number of Color 2: 57
Number of Color 3: 42
Number of Color 4: 37
Number of Color 5: 37
Current Score: 0
Time Used: 1001.83 seconds
999999
1536092505
2767987748607
Average score: 1536.09
Top score: 2747
board index: 105
init board: 
max_col_idx: 14
Game Board: 
122554153412241
333553125251335
315243432532131
413225534222133
453532344144413
535134451331511
315314431152133
343443324231441
315523425545343
211511314222513
422554353325313
534533124413423
353521553342351
515453143454524
115551341221254
Number of Color 1: 44
Number of Color 2: 35
Number of Color 3: 58
Number of Color 4: 41
Number of Color 5: 47
Current Score: 0
Time Used: 976.65 seconds
999999
1323637289
2063670081925
Average score: 1323.64
Top score: 3074
board index: 106
init board: 
max_col_idx: 14
Game Board: 
145333415545515
451542422415514
111115324534233
335223245524151
222434221422235
452321144552131
152131325512415
454324552143331
213121432234333
134251325134321
134541211212225
142155312552234
345514542141425
235515252353543
452511243325112
Number of Color 1: 48
Number of Color 2: 50
Number of Color 3: 40
Number of Color 4: 39
Number of Color 5: 48
Current Score: 0
Time Used: 1015.76 seconds
999999
915366071
1052882321441
Average score: 915.367
Top score: 2024
board index: 107
init board: 
max_col_idx: 14
Game Board: 
154331252211241
224335241441132
244554145114341
132233232225225
355253543153344
341552442551435
452351255242451
342211134413121
212411221131451
424133251255113
441322255143531
514214421325355
212514414131212
435441333135155
153213313321415
Number of Color 1: 55
Number of Color 2: 46
Number of Color 3: 41
Number of Color 4: 42
Number of Color 5: 41
Current Score: 0
Time Used: 1023.39 seconds
999999
1534559290
2647359748716
Average score: 1534.56
Top score: 2839
board index: 108
init board: 
max_col_idx: 14
Game Board: 
251334114242511
535122332543413
415114454324114
414451243414132
111224542355543
334514244351533
135543431122135
333224144453341
535241431415153
243222141135124
155443114145311
131415234431152
335223151433514
242122112324331
125345333154314
Number of Color 1: 56
Number of Color 2: 34
Number of Color 3: 49
Number of Color 4: 51
Number of Color 5: 35
Current Score: 0
Time Used: 825.811 seconds
999999
976973102
1161927101008
Average score: 976.974
Top score: 2382
board index: 109
init board: 
max_col_idx: 14
Game Board: 
443343134142255
112331125545131
522431331253215
215354455225445
525453433543234
541222451144152
235213415545145
335143132152115
253144432453552
551154343315154
221545125432155
451125534152115
325544314232312
243212451254322
111315242513533
Number of Color 1: 46
Number of Color 2: 42
Number of Color 3: 41
Number of Color 4: 41
Number of Color 5: 55
Current Score: 0
Time Used: 1117.08 seconds
999999
870829086
928732307390
Average score: 870.83
Top score: 2493
board index: 110
init board: 
max_col_idx: 14
Game Board: 
154225454144554
134112322151431
321132123321454
232251513543221
443525451141123
425212443445425
114212435513545
352512352353352
424535543214421
352211133511143
351242541425524
343342121332552
352314151551441
423224552245522
335314424235432
Number of Color 1: 43
Number of Color 2: 50
Number of Color 3: 40
Number of Color 4: 46
Number of Color 5: 46
Current Score: 0
Time Used: 1112.51 seconds
999999
1104150164
1439680265998
Average score: 1104.15
Top score: 2071
board index: 111
init board: 
max_col_idx: 14
Game Board: 
411235422212143
424255123124441
243214125445535
454355432153315
554232235214423
233412434215551
521551525232553
222141212151523
331213154531454
231343351135432
314315533211222
332131555431354
521425544125454
223521124255254
451152154554234
Number of Color 1: 43
Number of Color 2: 50
Number of Color 3: 39
Number of Color 4: 41
Number of Color 5: 52
Current Score: 0
Time Used: 1005.61 seconds
999999
1517332712
2602785228694
Average score: 1517.33
Top score: 2549
board index: 112
init board: 
max_col_idx: 14
Game Board: 
244255134452155
351431454211524
134553522521431
432152314214555
421554233243454
321421341332331
313113451312352
354451451555212
455512142233231
121132423245331
231113231315332
211154244351522
155112152423531
121234311334422
232322244154335
Number of Color 1: 51
Number of Color 2: 48
Number of Color 3: 47
Number of Color 4: 38
Number of Color 5: 41
Current Score: 0
Time Used: 1005.22 seconds
999999
1074401317
1358683687651
Average score: 1074.4
Top score: 2283
board index: 113
init board: 
max_col_idx: 14
Game Board: 
511155321333523
442454443455513
415121553335145
441132231315523
312131213324332
113151252222114
314334445345455
333331311254251
223323415144231
313441552424341
525123423443224
215241534254351
131144434121543
441254155153442
313115545424222
Number of Color 1: 49
Number of Color 2: 39
Number of Color 3: 49
Number of Color 4: 48
Number of Color 5: 40
Current Score: 0
Time Used: 903.176 seconds
999999
1294807226
1954143976570
Average score: 1294.81
Top score: 2344
board index: 114
init board: 
max_col_idx: 14
Game Board: 
115451314122123
344232221441214
433324552212445
545513234112251
523332233341444
553412213142221
522143432445213
555352154523542
353255133214241
334323215242331
354243351242214
115214323324422
222321131254423
441442425325243
413531512221255
Number of Color 1: 40
Number of Color 2: 60
Number of Color 3: 45
Number of Color 4: 45
Number of Color 5: 35
Current Score: 0
Time Used: 913.703 seconds
999999
1783361946
3751127924278
Average score: 1783.36
Top score: 3346
board index: 115
init board: 
max_col_idx: 14
Game Board: 
124233314311334
531423333144354
121122555252524
355253541514224
231222331253152
534213413424154
152153152311244
555512311512112
442515413121125
233522332234245
445435453312211
234154233253241
524512215113431
342144415132143
453425423241554
Number of Color 1: 48
Number of Color 2: 49
Number of Color 3: 44
Number of Color 4: 42
Number of Color 5: 42
Current Score: 0
Time Used: 999.847 seconds
999999
1121058722
1478990404054
Average score: 1121.06
Top score: 2150
board index: 116
init board: 
max_col_idx: 14
Game Board: 
232553131244113
124542451314314
321322534553435
254421522232113
352441251213211
213533125422321
124512343333434
134413335123144
554132452113442
414154113345454
553242524423133
532213212444113
414541422224524
154413312435323
524345343323445
Number of Color 1: 43
Number of Color 2: 46
Number of Color 3: 51
Number of Color 4: 52
Number of Color 5: 33
Current Score: 0
Time Used: 1062.85 seconds
999999
1027285547
1322574849157
Average score: 1027.29
Top score: 2396
board index: 117
init board: 
max_col_idx: 14
Game Board: 
342121511554134
415144555535542
451144243115111
434155151534444
533552343341121
144231121445514
314554551444344
442154143225444
343211434545443
242314241431352
315534531255441
434455412534533
344531345454334
541511144252322
225151313411443
Number of Color 1: 48
Number of Color 2: 24
Number of Color 3: 38
Number of Color 4: 68
Number of Color 5: 47
Current Score: 0
Time Used: 932.896 seconds
999999
1292803009
2215032181893
Average score: 1292.8
Top score: 3113
board index: 118
init board: 
max_col_idx: 14
Game Board: 
513112524554143
154523542534542
535121424425145
213313544221222
553555141314253
544322114514444
355114421151223
124311454532215
225144344124255
231453335151155
113355353313215
314233235133112
153521314351552
142444133123141
432312233523153
Number of Color 1: 51
Number of Color 2: 40
Number of Color 3: 45
Number of Color 4: 41
Number of Color 5: 48
Current Score: 0
Time Used: 993.199 seconds
999999
1332702273
2086197945405
Average score: 1332.7
Top score: 2371
board index: 119
init board: 
max_col_idx: 14
Game Board: 
513521454112123
351121533432122
152334344431344
452512135153415
522453541422244
211313244452324
243343221532135
214214331111142
412444533244132
213141413421314
543234531112422
222441322541353
455255415251535
445534431324212
145413412532513
Number of Color 1: 49
Number of Color 2: 47
Number of Color 3: 43
Number of Color 4: 51
Number of Color 5: 35
Current Score: 0
Time Used: 1021.21 seconds
999999
761675987
754220769415
Average score: 761.677
Top score: 2010
board index: 120
init board: 
max_col_idx: 14
Game Board: 
423543333355555
531232513444123
533352351111233
134352444431425
145245143514114
553521523242211
155433424514332
354244523551123
444323124331252
452411415131423
112434415353534
423123321433143
351352535411454
421543154113555
343512552411111
Number of Color 1: 47
Number of Color 2: 33
Number of Color 3: 52
Number of Color 4: 47
Number of Color 5: 46
Current Score: 0
Time Used: 947.44 seconds
999999
1049429383
1381637821141
Average score: 1049.43
Top score: 2451
board index: 121
init board: 
max_col_idx: 14
Game Board: 
142525125331334
424545334115332
412154323425221
534514351444345
343442551415223
342554411324213
151121342312553
334525531533452
342451515452242
545124345434452
255134424411312
521445542434523
125225311425234
115115421213414
333342454413124
Number of Color 1: 41
Number of Color 2: 42
Number of Color 3: 42
Number of Color 4: 55
Number of Color 5: 45
Current Score: 0
Time Used: 1098.03 seconds
999999
1584787035
2815317548557
Average score: 1584.79
Top score: 2656
board index: 122
init board: 
max_col_idx: 14
Game Board: 
144325323445352
213453531122415
253223345354334
254221325541524
131121515451511
415135123314453
554111525433553
444351455511325
121213525351243
344112433232434
245122445333242
424222435352341
351412514444211
344152513515135
543535242541124
Number of Color 1: 44
Number of Color 2: 41
Number of Color 3: 44
Number of Color 4: 47
Number of Color 5: 49
Current Score: 0
Time Used: 1027.95 seconds
999999
956044987
1052913735369
Average score: 956.046
Top score: 1942
board index: 123
init board: 
max_col_idx: 14
Game Board: 
442324344334534
331232442321423
441311343342534
442432422222544
143131313125345
453334312233455
213352334413544
233212234455233
423542435112452
113321351454513
323312144123453
222555422122223
435124413145122
422253143121523
415235532425251
Number of Color 1: 34
Number of Color 2: 54
Number of Color 3: 56
Number of Color 4: 50
Number of Color 5: 31
Current Score: 0
Time Used: 880.051 seconds
999999
1628225043
3136714900237
Average score: 1628.23
Top score: 3154
board index: 124
init board: 
max_col_idx: 14
Game Board: 
144533332221452
321453315235231
151142445542253
233153232535251
241124411154233
443551545223511
524441454315533
544143244441542
324344154323215
212455545134241
555134432144513
213342352241355
144515511143313
545424443231121
551243325334323
Number of Color 1: 42
Number of Color 2: 39
Number of Color 3: 46
Number of Color 4: 52
Number of Color 5: 46
Current Score: 0
Time Used: 1047.81 seconds
999999
1320277654
1993588043756
Average score: 1320.28
Top score: 2307
board index: 125
init board: 
max_col_idx: 14
Game Board: 
351145111541343
131312212531152
353152132354555
525312152222213
431514541114415
535321331214351
412511341122125
234431121211322
542353534314554
155331434252345
512231543234434
131432555533542
214323234333554
233412432453115
342454225554134
Number of Color 1: 50
Number of Color 2: 41
Number of Color 3: 50
Number of Color 4: 38
Number of Color 5: 46
Current Score: 0
Time Used: 982.214 seconds
999999
1534115330
2708657397402
Average score: 1534.12
Top score: 2685
board index: 126
init board: 
max_col_idx: 14
Game Board: 
151211124222331
333355551215211
133435344342214
455444433125353
454433135122121
451252411224114
153433113142212
142413132321511
423411415211243
552314423525223
411521354523242
533545554323323
411345121325351
254252231132541
435124423424515
Number of Color 1: 52
Number of Color 2: 47
Number of Color 3: 45
Number of Color 4: 42
Number of Color 5: 39
Current Score: 0
Time Used: 922.781 seconds
999999
1252237465
1823664620711
Average score: 1252.24
Top score: 2153
board index: 127
init board: 
max_col_idx: 14
Game Board: 
311314453112334
244345411121241
113552144322531
215412132254121
534522435224343
225143412355124
235545531413413
314324531432421
254311221515342
221255241334452
525151222145124
533433211345151
324344514524112
513214412213551
555112555443214
Number of Color 1: 53
Number of Color 2: 47
Number of Color 3: 38
Number of Color 4: 45
Number of Color 5: 42
Current Score: 0
Time Used: 1035.52 seconds
999999
1608627011
2873941978519
Average score: 1608.63
Top score: 2653
board index: 128
init board: 
max_col_idx: 14
Game Board: 
552512132242444
321142511442223
354554114551323
443521351314223
151112433151312
425554425435142
412425555145242
435354232442453
512411514531144
111335114554355
354441323443243
233451313111534
512512523551525
455432545532515
512532555252115
Number of Color 1: 46
Number of Color 2: 40
Number of Color 3: 36
Number of Color 4: 45
Number of Color 5: 58
Current Score: 0
Time Used: 1081.83 seconds
999999
1918556332
3966777560938
Average score: 1918.56
Top score: 2719
board index: 129
init board: 
max_col_idx: 14
Game Board: 
332443125532511
312114213143224
135123553123453
114314211252155
152355314524221
215221451421412
151141213422345
411331123322521
245512445122443
135532343235322
443223113523215
212331531352241
545211554513155
111111115433414
354452232243452
Number of Color 1: 58
Number of Color 2: 50
Number of Color 3: 42
Number of Color 4: 35
Number of Color 5: 40
Current Score: 0
Time Used: 992.401 seconds
999999
1278062030
1819708935546
Average score: 1278.06
Top score: 2445
board index: 130
init board: 
max_col_idx: 14
Game Board: 
152235143555231
555434115531434
232142514355344
541141334535241
235351325114331
213255454331351
255112111243554
323431541154444
311221134412333
341245323514535
345442514152252
421352421414135
111452544552235
434325431521135
243331411355224
Number of Color 1: 49
Number of Color 2: 35
Number of Color 3: 46
Number of Color 4: 46
Number of Color 5: 49
Current Score: 0
Time Used: 1026.41 seconds
999999
914723434
1079975566680
Average score: 914.724
Top score: 2136
board index: 131
init board: 
max_col_idx: 14
Game Board: 
445123424114242
135544221231233
213214233352254
233221454533424
441352344525421
522423512354434
545451522543443
435452334545343
244512211215523
435452142243455
511345234141223
331255224155124
433121344212145
341515135533212
143444452151222
Number of Color 1: 36
Number of Color 2: 51
Number of Color 3: 41
Number of Color 4: 55
Number of Color 5: 42
Current Score: 0
Time Used: 1078.03 seconds
999999
1174518015
1769852006131
Average score: 1174.52
Top score: 2520
board index: 132
init board: 
max_col_idx: 14
Game Board: 
412354425522512
551521112321553
332133542123252
524222133141544
534542255213352
324111451334411
432513451413432
254511134521452
133152531524121
123155431425253
215423543233235
425333434225155
523313311245241
323414111533435
231135234341355
Number of Color 1: 47
Number of Color 2: 46
Number of Color 3: 50
Number of Color 4: 36
Number of Color 5: 46
Current Score: 0
Time Used: 1071.96 seconds
999999
1106311430
1540522031558
Average score: 1106.31
Top score: 2205
board index: 133
init board: 
max_col_idx: 14
Game Board: 
321515123544242
231552252214242
551433313131332
313245353534153
225352121542254
151313421111124
412513352322324
455322112315453
231544235543221
123211332545524
511253121552554
211311543134341
412345323313213
445114551534241
352142555555521
Number of Color 1: 50
Number of Color 2: 48
Number of Color 3: 45
Number of Color 4: 33
Number of Color 5: 49
Current Score: 0
Time Used: 1126.53 seconds
999999
1444705309
2432560186205
Average score: 1444.71
Top score: 2433
board index: 134
init board: 
max_col_idx: 14
Game Board: 
523444514354454
311112223155321
522133125552534
122222355341515
535312135243335
414551344421554
421324155544524
121525421211135
342413131244435
332232315511145
311225533141413
143124343524243
524412324213423
521111331334513
312533535544113
Number of Color 1: 50
Number of Color 2: 41
Number of Color 3: 48
Number of Color 4: 42
Number of Color 5: 44
Current Score: 0
Time Used: 918.344 seconds
999999
1356811271
2067007268283
Average score: 1356.81
Top score: 2348
board index: 135
init board: 
max_col_idx: 14
Game Board: 
412111534112315
311542414211415
435143114523112
455313314554253
551331541225523
352515233233431
121143224542314
452335534255532
523252515213355
135523423322341
145243434245555
233251312552234
234345342452244
152544125135521
253154131224355
Number of Color 1: 43
Number of Color 2: 45
Number of Color 3: 46
Number of Color 4: 38
Number of Color 5: 53
Current Score: 0
Time Used: 1029.96 seconds
999999
810744132
846390322922
Average score: 810.745
Top score: 2152
board index: 136
init board: 
max_col_idx: 14
Game Board: 
151221142521253
142131234224534
114114431533241
513125213541553
215143435234423
542522254253143
222423154322453
114312533125544
151553452143353
233253225131551
352231323124535
154513445511252
124335214343124
315443255225453
444554142253133
Number of Color 1: 44
Number of Color 2: 47
Number of Color 3: 46
Number of Color 4: 41
Number of Color 5: 47
Current Score: 0
Time Used: 1117.97 seconds
999999
974304407
1150814065107
Average score: 974.305
Top score: 1861
board index: 137
init board: 
max_col_idx: 14
Game Board: 
531242443133511
353255343454245
115431134555555
132335535214433
214254543543111
131252415521324
132413141452414
544441135553324
351534452435444
444331531253321
421334512114153
212423353153144
533353221445133
134541445123132
153254211341325
Number of Color 1: 47
Number of Color 2: 30
Number of Color 3: 52
Number of Color 4: 50
Number of Color 5: 46
Current Score: 0
Time Used: 1059.74 seconds
999999
926215467
1047758827639
Average score: 926.216
Top score: 2372
board index: 138
init board: 
max_col_idx: 14
Game Board: 
454223555112231
552332114551323
235351415311511
521121313214355
134534353143232
141321425144432
222242514432554
451555244325514
434413123122234
523434354253442
441143335224435
124535531423222
424121254552322
155153444222453
124525152513333
Number of Color 1: 40
Number of Color 2: 50
Number of Color 3: 44
Number of Color 4: 45
Number of Color 5: 46
Current Score: 0
Time Used: 973.18 seconds
999999
1054851799
1378906706439
Average score: 1054.85
Top score: 2066
board index: 139
init board: 
max_col_idx: 14
Game Board: 
314152531112222
225111235351212
141255343351233
235325434113512
243143515112553
252243245421133
541124545331353
252553411431413
352252224324123
214425152321211
152223514352355
155515355335241
454341345252411
241544255554235
354355415131542
Number of Color 1: 47
Number of Color 2: 48
Number of Color 3: 42
Number of Color 4: 34
Number of Color 5: 54
Current Score: 0
Time Used: 996.693 seconds
999999
1700012118
3203412412746
Average score: 1700.01
Top score: 2597
board index: 140
init board: 
max_col_idx: 14
Game Board: 
411513231522123
313515534251413
524123125433445
214345521123254
322542113344343
113322143345241
541433123531442
141553453122524
455453253132421
422222355223525
433212423332321
314211222451143
422535432252544
241144543521522
353545434123552
Number of Color 1: 39
Number of Color 2: 54
Number of Color 3: 47
Number of Color 4: 44
Number of Color 5: 41
Current Score: 0
Time Used: 992.868 seconds
999999
1853162029
3640728011675
Average score: 1853.16
Top score: 2626
board index: 141
init board: 
max_col_idx: 14
Game Board: 
523213354314134
555131533452233
244134422312521
541423213134453
415355241223322
234235153243321
324142333534331
541115555335223
213542452555522
525235254342314
112214153552142
411334245331425
241115544142345
214521454353523
551554231224123
Number of Color 1: 39
Number of Color 2: 48
Number of Color 3: 49
Number of Color 4: 41
Number of Color 5: 48
Current Score: 0
Time Used: 1014.85 seconds
999999
876671260
968710811840
Average score: 876.672
Top score: 2066
board index: 142
init board: 
max_col_idx: 14
Game Board: 
523144541312423
224444312152544
514431545441541
311413152523332
413544321143545
252251252553513
131511552533312
231115321213455
312125412534343
255254435253523
343511215551335
422155343134344
145555113325343
151332442111331
341415524234233
Number of Color 1: 48
Number of Color 2: 37
Number of Color 3: 49
Number of Color 4: 42
Number of Color 5: 49
Current Score: 0
Time Used: 874.822 seconds
999999
1215375474
1724054225682
Average score: 1215.38
Top score: 2312
board index: 143
init board: 
max_col_idx: 14
Game Board: 
442535323253131
411145411112542
153122251343122
313154525515125
525415321515513
525334211224442
411544233134232
243255455111334
554523131132212
134531313254143
231334353224123
145413524325532
344112323454251
255532243142152
532212113144543
Number of Color 1: 50
Number of Color 2: 47
Number of Color 3: 46
Number of Color 4: 38
Number of Color 5: 44
Current Score: 0
Time Used: 1107.22 seconds
999999
1035586302
1272494456376
Average score: 1035.59
Top score: 2088
board index: 144
init board: 
max_col_idx: 14
Game Board: 
125131154432335
343243411432545
235322323153354
254131351125144
322212333234134
134535243441155
142541155315542
315334221253223
152252151132341
111152111423355
335531431411422
411111441254431
533335544115245
111231111233451
541221231124224
Number of Color 1: 60
Number of Color 2: 41
Number of Color 3: 48
Number of Color 4: 38
Number of Color 5: 38
Current Score: 0
Time Used: 1011.53 seconds
999999
2343765801
5759141585557
Average score: 2343.77
Top score: 3521
board index: 145
init board: 
max_col_idx: 14
Game Board: 
211134134543322
342315233121313
544435313134511
445231311412123
123255115311252
334312544444143
134352325524244
124112335553142
244344424435342
243113344332312
113324132443122
212422334545551
313534125312144
251154415125234
252124355113411
Number of Color 1: 51
Number of Color 2: 43
Number of Color 3: 51
Number of Color 4: 49
Number of Color 5: 31
Current Score: 0
Time Used: 836.18 seconds
999999
1400555050
2230241860272
Average score: 1400.56
Top score: 2421
board index: 146
init board: 
max_col_idx: 14
Game Board: 
344424232355211
552424324513544
214413412142443
334511445322143
555135235335424
512154255544444
343424335121415
445332112515255
332231535544335
324352324425125
532243111435555
413455543215352
425221143422141
142532332433415
251342122141113
Number of Color 1: 38
Number of Color 2: 44
Number of Color 3: 44
Number of Color 4: 52
Number of Color 5: 47
Current Score: 0
Time Used: 1083.33 seconds
999999
1203625871
1692888765201
Average score: 1203.63
Top score: 2299
board index: 147
init board: 
max_col_idx: 14
Game Board: 
214514445153211
133344544115511
331244231514112
221355252251412
131425354531251
315254411335235
331134553244442
335125232523525
113545553324124
112433415344153
131112122425414
432332354141422
151425341135554
112444511541153
355515511325533
Number of Color 1: 56
Number of Color 2: 36
Number of Color 3: 42
Number of Color 4: 42
Number of Color 5: 49
Current Score: 0
Time Used: 919.37 seconds
999999
1376906383
2266097470605
Average score: 1376.91
Top score: 2698
board index: 148
init board: 
max_col_idx: 14
Game Board: 
311412153545225
552524331421241
252422112232353
244353421331243
512234443241345
353134112513151
353243523114344
524143114514542
412524521423154
453411155211243
532512324545355
312212422421534
523252433532444
325131245342352
513345221222334
Number of Color 1: 41
Number of Color 2: 53
Number of Color 3: 45
Number of Color 4: 45
Number of Color 5: 41
Current Score: 0
Time Used: 1058.38 seconds
999999
754422601
740395087105
Average score: 754.423
Top score: 2309
board index: 149
init board: 
max_col_idx: 14
Game Board: 
515454555451353
142123251145212
135253425132511
451313425245544
452212314224453
511552545311442
155351142511144
345244453454331
132215111544244
325452423524242
545241431121253
113555231112121
553455142154542
155152125351552
514453251414125
Number of Color 1: 52
Number of Color 2: 41
Number of Color 3: 26
Number of Color 4: 46
Number of Color 5: 60
Current Score: 0
Time Used: 939.228 seconds
999999
2037607115
4671465694587
Average score: 2037.61
Top score: 3371
total_top_score: 123676
total_avg_score: 64239.8
