board index: 0
init board: 
max_col_idx: 14
Game Board: 
334545353442325
152234533325512
141255415553453
344144313543133
214432311241424
255432435411544
412214242231345
514241543233324
121442141524511
454155533514341
132512231425351
243352335153152
214514452212331
152114324425324
323534255433554
Number of Color 1: 41
Number of Color 2: 41
Number of Color 3: 47
Number of Color 4: 51
Number of Color 5: 45
Current Score: 0
Time Used: 1114.41 seconds
999999
1467683121
2417688417845
Average score: 1467.68
Top score: 2497
board index: 1
init board: 
max_col_idx: 14
Game Board: 
354511251212122
425353243235213
453333151454552
143555515121154
133453314221445
311445442234211
335125211311452
522331334153242
133543331431413
451355313155223
145223444154444
224225435514341
145132353224543
214412331542354
431255435113145
Number of Color 1: 47
Number of Color 2: 38
Number of Color 3: 49
Number of Color 4: 46
Number of Color 5: 45
Current Score: 0
Time Used: 1000.3 seconds
999999
1154633702
1490926745868
Average score: 1154.63
Top score: 2171
board index: 2
init board: 
max_col_idx: 14
Game Board: 
311535333221244
123244534133314
425333511532123
111133322142321
322344343424453
111455332552232
353243325435152
553321423155553
544443152332241
554333523232255
412412422235124
324353523345212
251445452235434
413554313534341
322255342325553
Number of Color 1: 31
Number of Color 2: 49
Number of Color 3: 61
Number of Color 4: 40
Number of Color 5: 44
Current Score: 0
Time Used: 892.175 seconds
999999
1652100383
2966892991155
Average score: 1652.1
Top score: 2949
board index: 3
init board: 
max_col_idx: 14
Game Board: 
314521335351112
211341133422243
351435233322433
213344522252451
514255522313443
421223334242234
543525223124213
514332243434542
254323352331122
552214341433532
151211151414311
154423243235553
453552444554422
533151242455451
331331524235332
Number of Color 1: 37
Number of Color 2: 51
Number of Color 3: 55
Number of Color 4: 42
Number of Color 5: 40
Current Score: 0
Time Used: 901.27 seconds
999999
1816672653
3700534321077
Average score: 1816.67
Top score: 3020
board index: 4
init board: 
max_col_idx: 14
Game Board: 
553155444321521
425344113525412
351422145531514
553131141154535
355532111232314
232422442411322
334221324155224
511311455325534
523522355454341
131214255314115
311345224113124
535315534543455
421325512115322
543322131315151
451543445321134
Number of Color 1: 52
Number of Color 2: 39
Number of Color 3: 42
Number of Color 4: 40
Number of Color 5: 52
Current Score: 0
Time Used: 1078.46 seconds
999999
1643154044
3019281126542
Average score: 1643.16
Top score: 2450
board index: 5
init board: 
max_col_idx: 14
Game Board: 
215522553142423
325151445321451
223125433334212
125251515535115
132445441332143
545512454515413
335121523441311
512132152425532
425251545514231
332411515242141
224532355551155
522132432512112
511234543335531
331325454141533
432223545532552
Number of Color 1: 47
Number of Color 2: 46
Number of Color 3: 41
Number of Color 4: 34
Number of Color 5: 57
Current Score: 0
Time Used: 998.129 seconds
999999
1770311580
3595189453836
Average score: 1770.31
Top score: 3105
board index: 6
init board: 
max_col_idx: 14
Game Board: 
552251121531343
323453442323144
555334555314415
244433311523225
435324443444552
522344243345235
244214214543231
135244212235343
535455134332354
553431342131251
331343144124145
113322142544233
114525311422533
432215424113525
411145451231445
Number of Color 1: 38
Number of Color 2: 40
Number of Color 3: 51
Number of Color 4: 54
Number of Color 5: 42
Current Score: 0
Time Used: 1081.03 seconds
999999
1618185039
2977232494875
Average score: 1618.19
Top score: 2717
board index: 7
init board: 
max_col_idx: 14
Game Board: 
124235435232311
321334552221424
542235521442552
134551332424131
233425322253452
131213322422533
433554124233344
432331413443444
534511243325515
354345513213144
331423222415323
345433134435145
525212522231424
514441323533534
415443113235123
Number of Color 1: 34
Number of Color 2: 48
Number of Color 3: 58
Number of Color 4: 48
Number of Color 5: 37
Current Score: 0
Time Used: 1017.81 seconds
999999
1884997624
4048552829968
Average score: 1885
Top score: 3072
board index: 8
init board: 
max_col_idx: 14
Game Board: 
515252352314343
335353134434541
322355212212541
221132325532451
122223445221312
451431441441135
425332113213422
515341343545324
334434331111323
415313445243351
344131524255232
335324453345243
134232455322154
311413552552252
552444544512313
Number of Color 1: 39
Number of Color 2: 45
Number of Color 3: 54
Number of Color 4: 45
Number of Color 5: 42
Current Score: 0
Time Used: 1010.66 seconds
999999
1376858881
2165033984627
Average score: 1376.86
Top score: 2538
board index: 9
init board: 
max_col_idx: 14
Game Board: 
123331121125312
112231252541544
315145334524435
434525551113153
425555142354514
321314333313555
154242521541413
213141241111124
354251245311251
521323432232125
433335313243312
151231544331415
312214314511351
243412515513515
115433243425423
Number of Color 1: 58
Number of Color 2: 38
Number of Color 3: 48
Number of Color 4: 37
Number of Color 5: 44
Current Score: 0
Time Used: 973.793 seconds
999999
1342631470
2138596429180
Average score: 1342.63
Top score: 2508
board index: 10
init board: 
max_col_idx: 14
Game Board: 
421343453321144
212114455123551
414524534133142
341353142314144
513452231223115
513413451145522
432555231522115
514235352335121
325432311321112
224421232224123
125343523445313
422231122213432
342112552533513
225333155123441
433415213123314
Number of Color 1: 51
Number of Color 2: 50
Number of Color 3: 50
Number of Color 4: 38
Number of Color 5: 36
Current Score: 0
Time Used: 1024.33 seconds
999999
1435283235
2416899248335
Average score: 1435.28
Top score: 2576
board index: 11
init board: 
max_col_idx: 14
Game Board: 
111431453132153
551554413545314
441515241145532
122151144331431
345345413353542
323421121132111
254455433541241
235441512442245
425334225141445
142532244522145
213211114432434
332231544524155
424311432133213
245342224552535
112211214153432
Number of Color 1: 52
Number of Color 2: 42
Number of Color 3: 39
Number of Color 4: 52
Number of Color 5: 40
Current Score: 0
Time Used: 1014.97 seconds
999999
1436766937
2385544078337
Average score: 1436.77
Top score: 2543
board index: 12
init board: 
max_col_idx: 14
Game Board: 
134521341251521
154122445535511
313534451343151
512244332542141
412521524551415
333343455125234
353125331112454
411232313353311
335214254334333
253444231335325
541233154141535
234425342212421
523355524114545
112452533423123
155453132422325
Number of Color 1: 45
Number of Color 2: 40
Number of Color 3: 52
Number of Color 4: 41
Number of Color 5: 47
Current Score: 0
Time Used: 1015.51 seconds
999999
1185021444
1686669565408
Average score: 1185.02
Top score: 2169
board index: 13
init board: 
max_col_idx: 14
Game Board: 
442555515434444
442421425145323
432325142154252
353141442511443
511343333354112
145222443542234
212341421143341
314221551452331
321153331113334
451543511512121
521121353251331
443231533255411
534213145211152
441334355242554
224213221542121
Number of Color 1: 52
Number of Color 2: 43
Number of Color 3: 44
Number of Color 4: 48
Number of Color 5: 38
Current Score: 0
Time Used: 1082.78 seconds
999999
1631023158
2946872315974
Average score: 1631.02
Top score: 2453
board index: 14
init board: 
max_col_idx: 14
Game Board: 
354452112252322
233245322351142
225225424551112
435432141421421
551141154541345
435142145221125
542434425411231
223542115313444
424414341315313
344122415333442
243234123121155
212423215353231
555541233445431
543552421125221
111522144152522
Number of Color 1: 49
Number of Color 2: 54
Number of Color 3: 34
Number of Color 4: 48
Number of Color 5: 40
Current Score: 0
Time Used: 949.972 seconds
999999
1289474011
2012549682185
Average score: 1289.48
Top score: 2543
board index: 15
init board: 
max_col_idx: 14
Game Board: 
551311252531252
412255123435553
251414112255224
135325213321234
223345254345343
221351414134113
341412413152221
443254241352512
221443353243314
453325321141455
452234545211212
531442244325321
141435313551253
155231454425345
543414413414421
Number of Color 1: 46
Number of Color 2: 47
Number of Color 3: 42
Number of Color 4: 47
Number of Color 5: 43
Current Score: 0
Time Used: 1184.03 seconds
999999
1165657477
1620580454507
Average score: 1165.66
Top score: 1913
board index: 16
init board: 
max_col_idx: 14
Game Board: 
223132112421441
515543113431422
244231223412513
231251141344543
134311443534454
421134254143124
211224532124114
424423334445555
345415434432334
544451415412121
121433324354523
531215154451144
521355214313524
453513354432415
455552441121321
Number of Color 1: 50
Number of Color 2: 38
Number of Color 3: 40
Number of Color 4: 60
Number of Color 5: 37
Current Score: 0
Time Used: 978.983 seconds
999999
2173933008
5184616559918
Average score: 2173.94
Top score: 3380
board index: 17
init board: 
max_col_idx: 14
Game Board: 
213515154341423
415215413515213
423132322123332
142331214134421
135434113213451
235554213544145
415211455552152
235323315511234
335112155112454
354522424254212
445343422522244
115323143113453
353152543213534
441524133335155
231335315333322
Number of Color 1: 48
Number of Color 2: 42
Number of Color 3: 52
Number of Color 4: 39
Number of Color 5: 44
Current Score: 0
Time Used: 1028.14 seconds
999999
990381728
1142880546980
Average score: 990.383
Top score: 2188
board index: 18
init board: 
max_col_idx: 14
Game Board: 
413352155241435
325154253431214
224254124345234
554125335412353
242425533214454
335341145331513
245321111323522
152511442443322
444332513445312
453414313523433
132522124534544
544134322331315
212315221323544
153144534354231
355134454222433
Number of Color 1: 37
Number of Color 2: 43
Number of Color 3: 53
Number of Color 4: 51
Number of Color 5: 41
Current Score: 0
Time Used: 1060.6 seconds
999999
1171965821
1580921104949
Average score: 1171.97
Top score: 2228
board index: 19
init board: 
max_col_idx: 14
Game Board: 
134324122411415
155442533312412
331533214324534
444414522452444
154431352212321
252421212115135
142255325211415
454514451353214
551141535353352
114324431111553
225215543442443
554123421224421
445233111524252
255115451254151
544553244113235
Number of Color 1: 50
Number of Color 2: 44
Number of Color 3: 33
Number of Color 4: 51
Number of Color 5: 47
Current Score: 0
Time Used: 1136.63 seconds
999999
1114011566
1462825524454
Average score: 1114.01
Top score: 2096
board index: 20
init board: 
max_col_idx: 14
Game Board: 
355555541445243
145152444435542
151143232252553
511433342553232
434522154433213
223244131242124
341232521142314
255413541423135
351543434234242
235134255515421
453145224314442
315231254251414
455215155432533
143335324253421
522222353141134
Number of Color 1: 37
Number of Color 2: 47
Number of Color 3: 44
Number of Color 4: 50
Number of Color 5: 47
Current Score: 0
Time Used: 948.857 seconds
999999
699233243
572092574813
Average score: 699.234
Top score: 1834
board index: 21
init board: 
max_col_idx: 14
Game Board: 
142441152411254
225311351141233
554253432233452
555524232112422
243133254344522
545412533544452
355453455142342
253143223335124
534245245432413
251451412552224
144251531154122
224323432335324
225524425413431
334334541131145
451242153351554
Number of Color 1: 35
Number of Color 2: 50
Number of Color 3: 42
Number of Color 4: 51
Number of Color 5: 47
Current Score: 0
Time Used: 1111.7 seconds
999999
1035333689
1318088523231
Average score: 1035.33
Top score: 2184
board index: 22
init board: 
max_col_idx: 14
Game Board: 
243434541525224
123551131514513
114253412545452
141353245145455
454313145145321
431342513341313
445314153412434
431544523153421
541224254452431
553132453551141
153521113533313
323512153424111
445535553321535
414433451212155
415315424421141
Number of Color 1: 53
Number of Color 2: 28
Number of Color 3: 43
Number of Color 4: 51
Number of Color 5: 50
Current Score: 0
Time Used: 839.007 seconds
999999
1502930785
2564985869895
Average score: 1502.93
Top score: 2610
board index: 23
init board: 
max_col_idx: 14
Game Board: 
345144232341112
245331455512533
545413222352441
415511235235533
524411341314553
115343545423111
253122335155315
451211434551324
531352254351253
155231144523514
431313225343221
415353432144231
433412433514123
354354333212215
123342124443525
Number of Color 1: 46
Number of Color 2: 38
Number of Color 3: 53
Number of Color 4: 42
Number of Color 5: 46
Current Score: 0
Time Used: 1092.7 seconds
999999
1089095532
1449947460540
Average score: 1089.1
Top score: 2022
board index: 24
init board: 
max_col_idx: 14
Game Board: 
524152252344532
412232124435534
224333355352234
342525555454521
315255314332524
253223442141333
345531445552115
552431334543323
335314115321342
333422255542545
534511425122152
531114211551411
353341114321423
524144331315345
323222221152244
Number of Color 1: 37
Number of Color 2: 48
Number of Color 3: 50
Number of Color 4: 41
Number of Color 5: 49
Current Score: 0
Time Used: 1019.11 seconds
999999
1373832605
2114791222367
Average score: 1373.83
Top score: 2238
board index: 25
init board: 
max_col_idx: 14
Game Board: 
543321113112443
132243511333314
342242255232352
354353214433435
215244332434354
451551345233454
542131154415431
124433343434132
235143115235245
435211521341254
421242223222524
142154412541232
144314444233145
112355212235235
112144514523443
Number of Color 1: 42
Number of Color 2: 46
Number of Color 3: 49
Number of Color 4: 53
Number of Color 5: 35
Current Score: 0
Time Used: 1058.91 seconds
999999
1657763859
3095236933329
Average score: 1657.77
Top score: 2642
board index: 26
init board: 
max_col_idx: 14
Game Board: 
243243415112243
544121432214325
245151353443345
314534345214544
445455422342251
132353455142251
555212544123151
145544112341334
121514425435233
451442352441352
222422423221523
422553244324512
132445132243542
212543211224221
221214254423334
Number of Color 1: 37
Number of Color 2: 57
Number of Color 3: 36
Number of Color 4: 56
Number of Color 5: 39
Current Score: 0
Time Used: 1059.64 seconds
999999
1813925942
3671522034366
Average score: 1813.93
Top score: 2831
board index: 27
init board: 
max_col_idx: 14
Game Board: 
335543522255552
443445255415211
212245111512214
314124511343333
224355554134313
114125533121454
534122435425443
255523133255324
354151154345542
555235111435434
351325242121521
254321213322531
435111544514553
144415224533452
413215313231235
Number of Color 1: 45
Number of Color 2: 41
Number of Color 3: 43
Number of Color 4: 42
Number of Color 5: 54
Current Score: 0
Time Used: 918.194 seconds
999999
1355927735
2084261658225
Average score: 1355.93
Top score: 2309
board index: 28
init board: 
max_col_idx: 14
Game Board: 
413211224231135
555531555251455
532413213325355
433525324154415
415215335113454
343111545245532
144442521344244
115543552211143
345153244524433
554115114434313
122144253324312
153412141534254
555321433525125
324532245311222
421132355235341
Number of Color 1: 45
Number of Color 2: 39
Number of Color 3: 43
Number of Color 4: 45
Number of Color 5: 53
Current Score: 0
Time Used: 1053 seconds
999999
1271699996
1924822479600
Average score: 1271.7
Top score: 2689
board index: 29
init board: 
max_col_idx: 14
Game Board: 
552215433232455
544452141123341
212145525412535
452344242345231
144532441144354
431243155225315
515553255451112
533511325454452
142531333525541
312233321434414
433225251435345
522513123532411
544351122315432
513415341453333
413234513423211
Number of Color 1: 42
Number of Color 2: 40
Number of Color 3: 47
Number of Color 4: 46
Number of Color 5: 50
Current Score: 0
Time Used: 1022.26 seconds
999999
1057793123
1312903517597
Average score: 1057.79
Top score: 2007
board index: 30
init board: 
max_col_idx: 14
Game Board: 
452243145424552
431331132354153
121253212545414
112532535251432
522431352541223
222222143222424
325153141241242
253533354251422
324425355342243
143351442341112
512414212154533
352515112252321
224411531234144
315115322245135
331513112114322
Number of Color 1: 47
Number of Color 2: 59
Number of Color 3: 41
Number of Color 4: 39
Number of Color 5: 39
Current Score: 0
Time Used: 1023.33 seconds
999999
1839726729
4040543684751
Average score: 1839.73
Top score: 3287
board index: 31
init board: 
max_col_idx: 14
Game Board: 
215244542212551
515311523423114
153112235321243
352342221551523
422334441524341
114112454524435
532113133422211
533433214234323
214153422134333
451521122314341
352512124511345
534331335322443
251323452331414
354452253523531
312212221522145
Number of Color 1: 47
Number of Color 2: 52
Number of Color 3: 50
Number of Color 4: 39
Number of Color 5: 37
Current Score: 0
Time Used: 999.831 seconds
999999
1353486459
2104041896119
Average score: 1353.49
Top score: 2440
board index: 32
init board: 
max_col_idx: 14
Game Board: 
512332544452135
244351122453534
443113324553155
332315115411454
153312231424424
145253433243252
332245521521433
315322345215435
133423151542331
545442415342235
242531314142422
423341111241322
444234435222525
534442122112242
314152131234233
Number of Color 1: 40
Number of Color 2: 51
Number of Color 3: 48
Number of Color 4: 49
Number of Color 5: 37
Current Score: 0
Time Used: 1000.97 seconds
999999
1505278289
2558505896933
Average score: 1505.28
Top score: 2338
board index: 33
init board: 
max_col_idx: 14
Game Board: 
243435215414155
541355225132114
555131323544224
213231151153442
545534232113311
125512124411231
414325241534155
535112144143512
432525231534551
253254451515432
442544353243133
153432132325532
511422344151542
323552445354245
512345514255212
Number of Color 1: 46
Number of Color 2: 43
Number of Color 3: 39
Number of Color 4: 43
Number of Color 5: 54
Current Score: 0
Time Used: 1086.41 seconds
999999
958152937
1118623356293
Average score: 958.154
Top score: 1896
board index: 34
init board: 
max_col_idx: 14
Game Board: 
114313431154322
315341445554252
552453221342353
223531554113322
153555525534555
545342314551123
414521543514133
111211243531252
124253233314551
252545514551512
415352412534555
315421513525354
442434521343453
235235251215344
123444553251535
Number of Color 1: 41
Number of Color 2: 38
Number of Color 3: 43
Number of Color 4: 39
Number of Color 5: 64
Current Score: 0
Time Used: 1044.35 seconds
999999
1343686552
2022165289142
Average score: 1343.69
Top score: 2115
board index: 35
init board: 
max_col_idx: 14
Game Board: 
332422215413442
245454411552524
521551422413352
414231442553313
523351153551534
155214525253211
224154232251443
452434323111244
333345551152125
334144525341451
113132314312212
452324324233431
554331451415325
423242533211235
533253314223553
Number of Color 1: 41
Number of Color 2: 47
Number of Color 3: 48
Number of Color 4: 43
Number of Color 5: 46
Current Score: 0
Time Used: 983.479 seconds
999999
875790802
900081798248
Average score: 875.792
Top score: 1978
board index: 36
init board: 
max_col_idx: 14
Game Board: 
414455155125132
345155451331423
142423332431244
233342321221212
433521341125542
314153522453511
253152313155114
141231221524442
341421241454235
241125412424424
344255433553232
335545314253314
154554215242543
453223331214111
124515255114334
Number of Color 1: 47
Number of Color 2: 46
Number of Color 3: 42
Number of Color 4: 48
Number of Color 5: 42
Current Score: 0
Time Used: 1009.01 seconds
999999
1283951443
1873487911949
Average score: 1283.95
Top score: 2046
board index: 37
init board: 
max_col_idx: 14
Game Board: 
513314324541144
421424343315454
133135445512151
224525424331453
441324321352421
155351131253455
534533441141335
255543252332234
344341512544332
213345351535332
335113423341322
215325341211123
411115332221453
534253343214242
235442544414313
Number of Color 1: 42
Number of Color 2: 38
Number of Color 3: 56
Number of Color 4: 49
Number of Color 5: 40
Current Score: 0
Time Used: 955.968 seconds
999999
1465443480
2572845859942
Average score: 1465.44
Top score: 2641
board index: 38
init board: 
max_col_idx: 14
Game Board: 
255555434543212
125152534345434
343141335353512
231455153344342
114352422122324
514113535115421
141553233235312
534212133432543
352445553142414
425444135123135
423454414331411
112423423325424
515224445542352
115325422222135
344425115515342
Number of Color 1: 40
Number of Color 2: 43
Number of Color 3: 45
Number of Color 4: 50
Number of Color 5: 47
Current Score: 0
Time Used: 966.613 seconds
999999
1231572658
1694923427860
Average score: 1231.57
Top score: 2153
board index: 39
init board: 
max_col_idx: 14
Game Board: 
314552154433323
442555352533552
524222325412554
122355143153212
443213533144445
212523435435115
422214232313442
345432522211353
325251125222541
353522225342355
322143125552414
314333425425442
533334431333354
253322321555342
221311331253311
Number of Color 1: 31
Number of Color 2: 55
Number of Color 3: 55
Number of Color 4: 37
Number of Color 5: 47
Current Score: 0
Time Used: 784.534 seconds
999999
1755145260
3276541241276
Average score: 1755.15
Top score: 2752
board index: 40
init board: 
max_col_idx: 14
Game Board: 
341144213321314
541435345534212
533515552314334
452533441523143
422415342515311
322241133551342
431133445252555
231151453213414
113123321321551
241423142315552
151451114115113
355314121551153
321554143125134
334224354112132
533352533241224
Number of Color 1: 56
Number of Color 2: 36
Number of Color 3: 50
Number of Color 4: 39
Number of Color 5: 44
Current Score: 0
Time Used: 928.204 seconds
999999
2118415568
4748757659712
Average score: 2118.42
Top score: 3043
board index: 41
init board: 
max_col_idx: 14
Game Board: 
241241141544144
455352123142533
124121422443443
323223421341544
121123435421335
443242545213423
225155112334524
244212413415344
525451511323222
335243131233425
242444444213143
555131554413253
313331123233531
213244221222114
223241522541252
Number of Color 1: 43
Number of Color 2: 55
Number of Color 3: 44
Number of Color 4: 52
Number of Color 5: 31
Current Score: 0
Time Used: 909.94 seconds
999999
1477727563
2502762168469
Average score: 1477.73
Top score: 2627
board index: 42
init board: 
max_col_idx: 14
Game Board: 
245144331311135
241441154552115
142431312342112
522314412353315
441311555352211
242341435115221
442332331155435
255345213131525
242353252432125
111534212115144
444415241555432
112242443425332
154544324231343
113121543233451
243342251324155
Number of Color 1: 53
Number of Color 2: 44
Number of Color 3: 42
Number of Color 4: 46
Number of Color 5: 40
Current Score: 0
Time Used: 892.512 seconds
999999
1366435616
2364335522078
Average score: 1366.44
Top score: 2713
board index: 43
init board: 
max_col_idx: 14
Game Board: 
134111212551413
413422151231553
243321135454532
553334112512422
133335415255553
411155133544245
255125355342343
432432143444135
251543244325143
125243325434545
125435511532535
315352215341542
545155451334532
234421131122541
445241225431555
Number of Color 1: 43
Number of Color 2: 38
Number of Color 3: 45
Number of Color 4: 43
Number of Color 5: 56
Current Score: 0
Time Used: 979.806 seconds
999999
1981028625
4204178169061
Average score: 1981.03
Top score: 2886
board index: 44
init board: 
max_col_idx: 14
Game Board: 
531144212242243
235425434331121
545253412341153
152254452153215
121324324551542
233134215524554
444151511535341
111542555151424
223223351441245
551155344122135
344444534142123
455111512511434
314424552231113
345411224441215
214135242222221
Number of Color 1: 52
Number of Color 2: 47
Number of Color 3: 31
Number of Color 4: 50
Number of Color 5: 45
Current Score: 0
Time Used: 885.31 seconds
999999
1761477866
3502090868732
Average score: 1761.48
Top score: 2879
board index: 45
init board: 
max_col_idx: 14
Game Board: 
523423153533141
211425245543545
225344312433152
131222155155421
441345325325323
522154323513111
554415521414115
442222351453314
342524444334112
515123453531524
455344121111345
331514551432151
431344422255543
145453324323414
325125351255351
Number of Color 1: 46
Number of Color 2: 39
Number of Color 3: 43
Number of Color 4: 46
Number of Color 5: 51
Current Score: 0
Time Used: 1010.49 seconds
999999
1000734153
1223658161049
Average score: 1000.74
Top score: 2092
board index: 46
init board: 
max_col_idx: 14
Game Board: 
424425422554113
251323114324155
251154214313221
521235525212133
132224524353131
543551154144413
211413133511441
114312151131545
115132321434552
233524234244534
313525441122345
232443522135425
221542131444443
442221344441111
332435113431432
Number of Color 1: 54
Number of Color 2: 45
Number of Color 3: 42
Number of Color 4: 49
Number of Color 5: 35
Current Score: 0
Time Used: 1035.28 seconds
999999
1537264328
2797982633116
Average score: 1537.27
Top score: 2761
board index: 47
init board: 
max_col_idx: 14
Game Board: 
155545224545423
242242312122441
241452242355154
213544133553315
352113524555422
522333221142211
213153123234251
535123524143442
411555135144255
331215441425534
213535423454425
511345351223232
453334322243533
455453541251454
432532235322121
Number of Color 1: 36
Number of Color 2: 52
Number of Color 3: 43
Number of Color 4: 43
Number of Color 5: 51
Current Score: 0
Time Used: 1030.8 seconds
999999
1381439219
2208945666199
Average score: 1381.44
Top score: 2384
board index: 48
init board: 
max_col_idx: 14
Game Board: 
135224214522533
433241514324433
352534133314111
222314532342521
314311441243114
524412145515315
221345415325141
323553351344321
552515511214321
245214441541541
312522145441233
234212251331125
121344552321235
343455222154335
111122542135243
Number of Color 1: 52
Number of Color 2: 47
Number of Color 3: 44
Number of Color 4: 42
Number of Color 5: 40
Current Score: 0
Time Used: 921.213 seconds
999999
1172439483
1588522913001
Average score: 1172.44
Top score: 2084
board index: 49
init board: 
max_col_idx: 14
Game Board: 
232451544231342
145554432315252
215211242543445
345243251222115
225551455554545
145243525342113
513555341143412
514152441541443
125345542435314
441455242454315
514351331153335
311244115432332
355433534531421
125224454212152
534422553454343
Number of Color 1: 39
Number of Color 2: 39
Number of Color 3: 38
Number of Color 4: 53
Number of Color 5: 56
Current Score: 0
Time Used: 1155.26 seconds
999999
1500833953
2571227640349
Average score: 1500.84
Top score: 2493
total_top_score: 124090
total_avg_score: 71088.4
