board index: 150
init board: 
max_col_idx: 14
Game Board: 
552353424334525
415451241152523
245324413234313
233145522332443
233523334112325
131334245545524
141431255143414
141522412231555
332133511125114
321135512131154
243451324314245
343233445114413
322525331422114
144242543543325
143525253254141
Number of Color 1: 44
Number of Color 2: 43
Number of Color 3: 50
Number of Color 4: 47
Number of Color 5: 41
Current Score: 0
Time Used: 566.984 seconds
999999
1377516437
2068170202513
Average score: 1377.52
Top score: 1940
board index: 151
init board: 
max_col_idx: 14
Game Board: 
411521523544554
131344235523521
521551533351143
354134452554111
442554335334432
144155135455214
325144554213241
311132233145154
522123432142255
455343312352511
145412414353353
453521141553235
143143533424511
534524244142141
353412152321232
Number of Color 1: 47
Number of Color 2: 35
Number of Color 3: 45
Number of Color 4: 47
Number of Color 5: 51
Current Score: 0
Time Used: 290.701 seconds
999999
1435565480
2120781819660
Average score: 1435.57
Top score: 1592
board index: 152
init board: 
max_col_idx: 14
Game Board: 
524211242133112
443143121131432
423151454433331
423225151212225
134521555321353
524352321141241
142314244513411
511352545535211
552233215532514
245525423555522
332131224423551
532323531453522
232551553224511
451155344142553
314152124331424
Number of Color 1: 48
Number of Color 2: 50
Number of Color 3: 42
Number of Color 4: 36
Number of Color 5: 49
Current Score: 0
Time Used: 385.912 seconds
999999
1724356987
3170877126551
Average score: 1724.36
Top score: 2280
board index: 153
init board: 
max_col_idx: 14
Game Board: 
143133153455223
531234441453441
321113321255113
345333313312524
415223225535441
113321341531312
315532422531345
241522353535253
541443332145113
223521533455134
345314533222255
415555221422514
411215251422425
315454455355514
311111155525512
Number of Color 1: 48
Number of Color 2: 40
Number of Color 3: 49
Number of Color 4: 35
Number of Color 5: 53
Current Score: 0
Time Used: 156.374 seconds
999999
2421992029
5928800040077
Average score: 2421.99
Top score: 2525
board index: 154
init board: 
max_col_idx: 14
Game Board: 
344545525154423
152421252343441
525325155145434
312541531125422
211542454155213
344114533224142
322213555233452
322242451254531
254145215345111
411245255114341
212314143512251
332543123351412
355133333131132
452244125233444
531212325521553
Number of Color 1: 46
Number of Color 2: 48
Number of Color 3: 40
Number of Color 4: 43
Number of Color 5: 48
Current Score: 0
Time Used: 598.972 seconds
999999
1716838981
3083668321445
Average score: 1716.84
Top score: 2136
board index: 155
init board: 
max_col_idx: 14
Game Board: 
425312421115253
114543533445333
452542334414121
524112441142322
435351322142121
435134432441432
124513243224131
532123313414244
224523341325443
121232141532332
554355522533245
221323123455111
113241533111244
352224214353421
424142452234253
Number of Color 1: 45
Number of Color 2: 53
Number of Color 3: 47
Number of Color 4: 49
Number of Color 5: 31
Current Score: 0
Time Used: 278.572 seconds
999999
1850619141
3515560427403
Average score: 1850.62
Top score: 2038
board index: 156
init board: 
max_col_idx: 14
Game Board: 
253321133352544
222211223353115
411224351443242
422131121334335
451251253341245
225511555223544
151154154355131
213123533431234
245351314134514
332453553142555
155252142431141
253113345235451
135152245223531
414215242341351
522314153535313
Number of Color 1: 50
Number of Color 2: 43
Number of Color 3: 48
Number of Color 4: 35
Number of Color 5: 49
Current Score: 0
Time Used: 351.884 seconds
999999
1637832251
2740852922889
Average score: 1637.83
Top score: 1845
board index: 157
init board: 
max_col_idx: 14
Game Board: 
433321254141233
332144524545315
213223435512325
543515535525413
254312132523535
215433411141141
331243525555355
125125224542121
511415213411321
114454515351233
335425434325552
412431112124411
315225443515313
212235355215144
443325331245533
Number of Color 1: 48
Number of Color 2: 41
Number of Color 3: 47
Number of Color 4: 37
Number of Color 5: 52
Current Score: 0
Time Used: 494.151 seconds
999999
2097549143
4577692092005
Average score: 2097.55
Top score: 2647
board index: 158
init board: 
max_col_idx: 14
Game Board: 
121431334355424
513231151522423
512455512121555
543152254525545
315445511255223
442234324551143
322544122335244
223412135133223
224154213132131
553531342523333
331411531544451
321543121324341
523141122241445
544511332221135
224322255152515
Number of Color 1: 46
Number of Color 2: 50
Number of Color 3: 43
Number of Color 4: 38
Number of Color 5: 48
Current Score: 0
Time Used: 461.331 seconds
999999
2231095316
5162030500230
Average score: 2231.1
Top score: 2520
board index: 159
init board: 
max_col_idx: 14
Game Board: 
421211352144155
345515342242121
213334211424253
525541353322542
122454152515332
155335451515543
441212514114422
431342125342314
425154545222525
145344512323234
214124343234442
542221533245353
342423152214433
115155211532155
232514253235434
Number of Color 1: 41
Number of Color 2: 52
Number of Color 3: 39
Number of Color 4: 46
Number of Color 5: 47
Current Score: 0
Time Used: 508.525 seconds
999999
1872241898
3693055460462
Average score: 1872.24
Top score: 2278
board index: 160
init board: 
max_col_idx: 14
Game Board: 
532524233141122
522425155341511
543235213445515
532545343314222
314512315235541
555134415213343
423212141544232
124523232413453
523144111224124
542535212211124
313542514544344
455222121455554
422354141135515
341212255514534
414313121322333
Number of Color 1: 46
Number of Color 2: 48
Number of Color 3: 39
Number of Color 4: 45
Number of Color 5: 47
Current Score: 0
Time Used: 402.122 seconds
999999
1757109499
3228230112965
Average score: 1757.11
Top score: 2230
board index: 161
init board: 
max_col_idx: 14
Game Board: 
512123112543545
244243125444543
523445341231132
441512531424323
434244323412224
235225244452555
215125512435341
134155225513244
224434425555153
525111125311354
241415322533354
531314252554411
141224321421245
435321354323325
245521344352351
Number of Color 1: 39
Number of Color 2: 49
Number of Color 3: 39
Number of Color 4: 50
Number of Color 5: 48
Current Score: 0
Time Used: 246.985 seconds
999999
1788709628
3247217484306
Average score: 1788.71
Top score: 1950
board index: 162
init board: 
max_col_idx: 14
Game Board: 
244254414355452
222433252545124
441131135454112
454531135315334
223345332445333
122223434554123
132144411211143
245322423232414
254423543451353
442215142242535
543451342351234
432515453134542
525331132143532
312252324343153
534113524314455
Number of Color 1: 36
Number of Color 2: 45
Number of Color 3: 50
Number of Color 4: 53
Number of Color 5: 41
Current Score: 0
Time Used: 383.292 seconds
999999
1889384491
3706397554829
Average score: 1889.39
Top score: 2190
board index: 163
init board: 
max_col_idx: 14
Game Board: 
423131255214443
112312422514244
555312535213333
225311245544124
553451233343243
523454213554441
311135153221145
513545344523244
135124115113141
353125254311252
111553545415235
321435321432145
454513415543424
441124231135215
554512343141545
Number of Color 1: 50
Number of Color 2: 36
Number of Color 3: 42
Number of Color 4: 47
Number of Color 5: 50
Current Score: 0
Time Used: 301.104 seconds
999999
1650674570
2783720757758
Average score: 1650.68
Top score: 1809
board index: 164
init board: 
max_col_idx: 14
Game Board: 
212125543242154
134124323151452
355441244343415
342513514451412
534111454224231
152413414153341
342431545145123
443315211542245
145131215235232
322535523253445
445551213135311
221123355545535
131123435115432
443243521215244
354113125533544
Number of Color 1: 49
Number of Color 2: 39
Number of Color 3: 42
Number of Color 4: 48
Number of Color 5: 47
Current Score: 0
Time Used: 420.87 seconds
999999
1901436266
3712906504936
Average score: 1901.44
Top score: 2225
board index: 165
init board: 
max_col_idx: 14
Game Board: 
554152515452141
254235124145355
454153431541124
342452131132521
421324333434512
411222523521423
344153415423322
251431422421344
431423223534253
212134134123444
341413213522345
224231124154431
511214541113231
154411153523343
414333341551323
Number of Color 1: 50
Number of Color 2: 44
Number of Color 3: 46
Number of Color 4: 51
Number of Color 5: 34
Current Score: 0
Time Used: 442.89 seconds
999999
1935596127
3911689052849
Average score: 1935.6
Top score: 2353
board index: 166
init board: 
max_col_idx: 14
Game Board: 
215242114235334
452533225153111
412551222351413
524311525322132
132432514142322
324245255135541
453124152243522
445223251225533
244525545221214
152235454353433
154334152325112
155545221434521
213152251313353
243253542425345
111455534245415
Number of Color 1: 40
Number of Color 2: 55
Number of Color 3: 39
Number of Color 4: 38
Number of Color 5: 53
Current Score: 0
Time Used: 232.762 seconds
999999
1852998294
3496802465980
Average score: 1853
Top score: 2280
board index: 167
init board: 
max_col_idx: 14
Game Board: 
541122255355335
252454153333453
222243431132333
224234534344222
525123425115424
312154242252422
432425325515341
243514131224145
325122444453245
422555252312235
251245142125423
234232144513344
224541425333543
232454445232411
253552412514212
Number of Color 1: 29
Number of Color 2: 63
Number of Color 3: 40
Number of Color 4: 49
Number of Color 5: 44
Current Score: 0
Time Used: 455.77 seconds
999999
2200769663
4981287859819
Average score: 2200.77
Top score: 2625
board index: 168
init board: 
max_col_idx: 14
Game Board: 
313124215142453
355534452344135
345554413121253
514512351134423
342531141213342
542332445255532
533514523512214
534244423451153
331432524335121
231113511141534
425221453513551
443352415233145
353243421334354
213432342522115
344235135555535
Number of Color 1: 41
Number of Color 2: 37
Number of Color 3: 53
Number of Color 4: 44
Number of Color 5: 50
Current Score: 0
Time Used: 393.666 seconds
999999
1005227567
1027547846305
Average score: 1005.23
Top score: 1238
board index: 169
init board: 
max_col_idx: 14
Game Board: 
415443153552111
215142243313513
321151252555123
314215152244523
522313223211245
345144415511553
123314312411513
421141535332135
224421514333251
134455353135114
551244544443151
252353451135435
423515435353212
331434454123453
535552115233312
Number of Color 1: 52
Number of Color 2: 36
Number of Color 3: 48
Number of Color 4: 38
Number of Color 5: 51
Current Score: 0
Time Used: 501.554 seconds
999999
1104004412
1264841514950
Average score: 1104.01
Top score: 1385
board index: 170
init board: 
max_col_idx: 14
Game Board: 
122125323131431
255354223235145
331421455134111
545214145455514
144211455154335
355231331133315
223532411551533
532325551311255
554341114153342
433233323233211
454313355541342
533345454512332
231253212444444
545151515232542
122252412414321
Number of Color 1: 47
Number of Color 2: 39
Number of Color 3: 50
Number of Color 4: 39
Number of Color 5: 50
Current Score: 0
Time Used: 294.43 seconds
999999
1491662568
2494002793122
Average score: 1491.66
Top score: 1932
board index: 171
init board: 
max_col_idx: 14
Game Board: 
445333542213414
142441312154123
212531531551134
115225211115214
114225344322432
411545543531332
454323514512522
222521455313133
543145534112245
541255551324555
241411122111131
242144552132453
534311223321452
232542421525344
331133141522135
Number of Color 1: 54
Number of Color 2: 47
Number of Color 3: 39
Number of Color 4: 41
Number of Color 5: 44
Current Score: 0
Time Used: 512.481 seconds
999999
2024898203
4213520266235
Average score: 2024.9
Top score: 2318
board index: 172
init board: 
max_col_idx: 14
Game Board: 
111421444452252
425314343124414
421112111432523
532215211323545
512542243542224
114423353421423
351533444354541
213212131132234
555333444313134
522552451523131
212313235412222
412113221325244
134511315542451
114523535255314
235531553343344
Number of Color 1: 48
Number of Color 2: 48
Number of Color 3: 45
Number of Color 4: 45
Number of Color 5: 39
Current Score: 0
Time Used: 546.269 seconds
999999
1635168274
2821476699506
Average score: 1635.17
Top score: 1947
board index: 173
init board: 
max_col_idx: 14
Game Board: 
114333344342354
111333513542435
454443415145524
325453133515335
245534531123323
354435312433254
525515244441242
144111121151122
324155414141244
321522431552224
151315513242541
421415214111444
513441335141122
353455553314124
343222545115434
Number of Color 1: 50
Number of Color 2: 34
Number of Color 3: 43
Number of Color 4: 54
Number of Color 5: 44
Current Score: 0
Time Used: 283.09 seconds
999999
2308199369
5519907167009
Average score: 2308.2
Top score: 2813
board index: 174
init board: 
max_col_idx: 14
Game Board: 
345512223212455
152112444541515
314311445253531
322151552424211
144255525415221
315342332241515
155134341434145
515211551134223
122121253443454
421334514212553
532231413315354
354431141121541
312425433532431
235545325524511
311225414544531
Number of Color 1: 53
Number of Color 2: 41
Number of Color 3: 37
Number of Color 4: 44
Number of Color 5: 50
Current Score: 0
Time Used: 585.646 seconds
999999
1472667468
2291255317724
Average score: 1472.67
Top score: 2101
board index: 175
init board: 
max_col_idx: 14
Game Board: 
532435441254312
451143514422522
554432354413335
211545414112221
525115421324515
251233355443123
124431554351514
242214413212334
545424243142144
313443513131523
351354225534525
315155515423324
112221415214344
514513543531323
113223453121153
Number of Color 1: 48
Number of Color 2: 41
Number of Color 3: 43
Number of Color 4: 47
Number of Color 5: 46
Current Score: 0
Time Used: 447.379 seconds
999999
1183288122
1530920086646
Average score: 1183.29
Top score: 1676
board index: 176
init board: 
max_col_idx: 14
Game Board: 
252424455554354
522112553222121
135322545122241
134255511411352
544532432223345
445432143123335
313241433523152
443514511221252
524555251512325
225244532311541
342253324411511
354323234442355
342243145355321
543322245125145
123554413152232
Number of Color 1: 37
Number of Color 2: 55
Number of Color 3: 41
Number of Color 4: 41
Number of Color 5: 51
Current Score: 0
Time Used: 572.995 seconds
999999
2449343781
6235813753923
Average score: 2449.35
Top score: 2934
board index: 177
init board: 
max_col_idx: 14
Game Board: 
344133142343312
541334434424311
343331144142515
332515125323543
555145442213311
554311314345151
335531545544342
113415433232551
453444514524155
543231222452111
555231545112155
431345255533455
133134221212542
423141514432323
555434512545311
Number of Color 1: 47
Number of Color 2: 30
Number of Color 3: 49
Number of Color 4: 48
Number of Color 5: 51
Current Score: 0
Time Used: 392.431 seconds
999999
1561625656
2508532952362
Average score: 1561.63
Top score: 1956
board index: 178
init board: 
max_col_idx: 14
Game Board: 
311243435553355
154151213212352
224113542155534
225122114441413
111433343453224
253525423523311
244213553443121
435352255442114
441414354434211
523225353311344
442111322413132
124531152141251
312341333541431
122325551455441
335515542352421
Number of Color 1: 51
Number of Color 2: 42
Number of Color 3: 45
Number of Color 4: 45
Number of Color 5: 42
Current Score: 0
Time Used: 397.403 seconds
999999
1850827739
3743841462409
Average score: 1850.83
Top score: 2440
board index: 179
init board: 
max_col_idx: 14
Game Board: 
552252422121554
355444444235343
353151553311454
152111451255452
313352412123451
213144523251244
343215335411344
232423454312353
413413443445155
312333551353335
344255444245211
252434241133135
331524153325122
451113211154544
255354114413524
Number of Color 1: 44
Number of Color 2: 36
Number of Color 3: 47
Number of Color 4: 50
Number of Color 5: 48
Current Score: 0
Time Used: 328.763 seconds
999999
1515378300
2410664912158
Average score: 1515.38
Top score: 1896
board index: 180
init board: 
max_col_idx: 14
Game Board: 
351144245534211
545432352244211
132141342431413
422142322542555
322441343134532
223333145534314
541444213221255
412142354523423
351141122353333
131521124424514
343145425511554
253152513335241
331414445514124
453421445511125
152221544113552
Number of Color 1: 48
Number of Color 2: 43
Number of Color 3: 41
Number of Color 4: 52
Number of Color 5: 41
Current Score: 0
Time Used: 356.11 seconds
999999
1721098689
3103695923923
Average score: 1721.1
Top score: 2056
board index: 181
init board: 
max_col_idx: 14
Game Board: 
311533311114212
445412153552455
315532242442141
432514433442233
114251235351153
343412451421553
425113542223312
314531534155522
514314135115154
555545524445233
455355435251143
133133124225411
231431255224252
115545554412114
351142153441354
Number of Color 1: 51
Number of Color 2: 36
Number of Color 3: 40
Number of Color 4: 45
Number of Color 5: 53
Current Score: 0
Time Used: 637.648 seconds
999999
1794838199
3375991265153
Average score: 1794.84
Top score: 2254
board index: 182
init board: 
max_col_idx: 14
Game Board: 
531413435123543
541434114544413
422342143542511
323124425343531
455515424235551
131333351412245
554444341433351
153534341523335
324133555125143
521233252552511
311443444122241
541544323315224
235415521455124
312432332414243
331315522543431
Number of Color 1: 42
Number of Color 2: 35
Number of Color 3: 52
Number of Color 4: 51
Number of Color 5: 45
Current Score: 0
Time Used: 399.467 seconds
999999
1920106525
3811443771957
Average score: 1920.11
Top score: 2252
board index: 183
init board: 
max_col_idx: 14
Game Board: 
545251331331254
221421131242155
222351523534314
524222551132234
154435413452544
441312251112445
551212345435522
415424144255513
122254455215124
315255131144341
324543151351214
121332515532513
112252415313111
213534221311244
351551351151113
Number of Color 1: 58
Number of Color 2: 45
Number of Color 3: 35
Number of Color 4: 38
Number of Color 5: 49
Current Score: 0
Time Used: 281.787 seconds
999999
2424558774
6060630906902
Average score: 2424.56
Top score: 2691
board index: 184
init board: 
max_col_idx: 14
Game Board: 
123253132413313
551233125244445
415243153453425
352323114424213
442112414452423
343534235544252
323114541213555
431521343225522
415511135242524
242211453254335
434233252241251
551255222114514
233113145222142
221322235333315
542344214211355
Number of Color 1: 41
Number of Color 2: 55
Number of Color 3: 44
Number of Color 4: 43
Number of Color 5: 42
Current Score: 0
Time Used: 104.811 seconds
999999
2793323681
7859123782891
Average score: 2793.33
Top score: 2967
board index: 185
init board: 
max_col_idx: 14
Game Board: 
143524442424455
345411524544223
514415232541541
314242354541351
123225215543411
332141255412433
415111315232151
444241533445345
252531552323324
333323131533545
332355255125112
113531421511222
253233253244553
341255133444524
314423542521345
Number of Color 1: 41
Number of Color 2: 43
Number of Color 3: 46
Number of Color 4: 47
Number of Color 5: 48
Current Score: 0
Time Used: 458.71 seconds
999999
1760915326
3342773056424
Average score: 1760.92
Top score: 2243
board index: 186
init board: 
max_col_idx: 14
Game Board: 
314232514143112
342535545114144
242423245513554
233423534531334
513115312513312
544341551123531
315341343342335
255511241335241
411444551132522
341434144212311
141514233121113
524122115422232
434524351424542
414223225333151
433433231254222
Number of Color 1: 50
Number of Color 2: 43
Number of Color 3: 49
Number of Color 4: 47
Number of Color 5: 36
Current Score: 0
Time Used: 482.762 seconds
999999
1883231986
3620008611562
Average score: 1883.23
Top score: 2270
board index: 187
init board: 
max_col_idx: 14
Game Board: 
333511434355311
432444144124534
241353243254153
331422443554315
234215222124542
111134431253413
155252411424322
333331123325335
125333124555425
112232423354345
332234123554321
235233151421142
531213314422343
142345113411124
535134135355114
Number of Color 1: 46
Number of Color 2: 42
Number of Color 3: 57
Number of Color 4: 44
Number of Color 5: 36
Current Score: 0
Time Used: 98.789 seconds
999999
2482548282
6283864297852
Average score: 2482.55
Top score: 2680
board index: 188
init board: 
max_col_idx: 14
Game Board: 
344234235325232
311554455454124
534421321115132
412115242554413
322334141232553
422525324115323
132253453351314
343445245113454
412515321252251
152324341315432
134344232242434
142443432121512
455111411255452
354235315112541
532542312454412
Number of Color 1: 44
Number of Color 2: 48
Number of Color 3: 42
Number of Color 4: 49
Number of Color 5: 42
Current Score: 0
Time Used: 373.426 seconds
999999
1260359812
1751899889866
Average score: 1260.36
Top score: 1651
board index: 189
init board: 
max_col_idx: 14
Game Board: 
322455353141221
424523435121331
542354445442123
524315412314355
543222151421542
255551122533255
121252432431233
325324435253232
531424224121131
212443513345233
322343332341551
451123324331542
124142115415554
155543234412324
222342423315353
Number of Color 1: 38
Number of Color 2: 54
Number of Color 3: 49
Number of Color 4: 42
Number of Color 5: 42
Current Score: 0
Time Used: 187.238 seconds
999999
2331648492
5503781520420
Average score: 2331.65
Top score: 2509
board index: 190
init board: 
max_col_idx: 14
Game Board: 
444544445353325
534553423424551
154444333554521
513233214243341
312122334153232
155331131414421
244414513124153
242141454443423
235342552351443
514141551431131
525141143515351
135415152241433
415515221331131
211413135141423
142555213422324
Number of Color 1: 52
Number of Color 2: 33
Number of Color 3: 45
Number of Color 4: 53
Number of Color 5: 42
Current Score: 0
Time Used: 477.759 seconds
999999
2176121482
5041331406004
Average score: 2176.12
Top score: 2607
board index: 191
init board: 
max_col_idx: 14
Game Board: 
352312222351215
453121543241344
552253151152331
411122143254513
342353411312443
141515324245211
344554145152221
144524213153433
451325242155122
332433452113451
244553431231344
313232415154414
215435213433524
241151515425323
534154253453123
Number of Color 1: 49
Number of Color 2: 43
Number of Color 3: 45
Number of Color 4: 45
Number of Color 5: 43
Current Score: 0
Time Used: 519.877 seconds
999999
1409827599
2128466178335
Average score: 1409.83
Top score: 1747
board index: 192
init board: 
max_col_idx: 14
Game Board: 
412335511334241
144111223544544
232154452334132
241352435514551
342135244232533
445452541234543
313453252534355
433521513143453
354135245414412
534542545211232
323255433143143
423235325233451
513134151241441
154135353525434
223451545123153
Number of Color 1: 38
Number of Color 2: 36
Number of Color 3: 52
Number of Color 4: 51
Number of Color 5: 48
Current Score: 0
Time Used: 292.538 seconds
999999
1587101908
2686720155880
Average score: 1587.1
Top score: 1865
board index: 193
init board: 
max_col_idx: 14
Game Board: 
324223145534452
125234154354255
221115255124523
331341154512355
445241243515415
332511555321213
415353225524551
541111344141424
243555243433255
222113525223231
452542553335123
123523525145554
112312334555224
343112124125354
345524151212531
Number of Color 1: 43
Number of Color 2: 48
Number of Color 3: 39
Number of Color 4: 37
Number of Color 5: 58
Current Score: 0
Time Used: 318.342 seconds
999999
2895106542
8496481272062
Average score: 2895.11
Top score: 3103
board index: 194
init board: 
max_col_idx: 14
Game Board: 
534533334142153
443454412342314
245424335324231
313434422143551
444314342221352
333525553441155
341212313433452
143453543152344
332414152144113
345121555143223
355333351543142
523322521425231
224423222335513
545141253454214
134453115123151
Number of Color 1: 39
Number of Color 2: 39
Number of Color 3: 56
Number of Color 4: 51
Number of Color 5: 40
Current Score: 0
Time Used: 251.283 seconds
999999
2548055204
6622028118054
Average score: 2548.06
Top score: 2879
board index: 195
init board: 
max_col_idx: 14
Game Board: 
541123334521215
412122544224112
232421453121434
135134151442531
233551231142335
254232442425414
534555221422154
425524322542342
533141355514543
231521333441341
345134335131134
114133144113455
444544352415113
152111313255145
124311115352231
Number of Color 1: 54
Number of Color 2: 40
Number of Color 3: 43
Number of Color 4: 48
Number of Color 5: 40
Current Score: 0
Time Used: 372.613 seconds
999999
1727219154
3046461466032
Average score: 1727.22
Top score: 1891
board index: 196
init board: 
max_col_idx: 14
Game Board: 
423415113233423
151532214543442
243234354351132
435131253142542
334314522555532
154131124242214
415452141251544
353153511535432
521143144155215
132551424551223
253554541532412
333435532134213
211333551553123
113234524543153
111314342254254
Number of Color 1: 47
Number of Color 2: 40
Number of Color 3: 48
Number of Color 4: 42
Number of Color 5: 48
Current Score: 0
Time Used: 205.808 seconds
999999
1749149391
3106015911665
Average score: 1749.15
Top score: 1980
board index: 197
init board: 
max_col_idx: 14
Game Board: 
544454454421454
322332142153123
443433314451335
221111113444123
145142121541314
255423251133342
251212534432213
445445332432522
211552511214214
413551412313344
525425421145312
425245344531133
244123214342125
345453235155215
512355352552544
Number of Color 1: 45
Number of Color 2: 45
Number of Color 3: 40
Number of Color 4: 52
Number of Color 5: 43
Current Score: 0
Time Used: 469.714 seconds
999999
1823314811
3503377532149
Average score: 1823.32
Top score: 2230
board index: 198
init board: 
max_col_idx: 14
Game Board: 
445221143333514
134425122351322
252115221311133
221445341444144
511213312545213
311424513411344
221253242124542
114443242543312
141435522312215
333552231322511
211344421451412
113514124322324
454454213251413
345135123433343
412531332145152
Number of Color 1: 55
Number of Color 2: 48
Number of Color 3: 44
Number of Color 4: 48
Number of Color 5: 30
Current Score: 0
Time Used: 404.81 seconds
999999
1836898517
3620624271433
Average score: 1836.9
Top score: 2392
board index: 199
init board: 
max_col_idx: 14
Game Board: 
435425523333432
553245211355532
131152323132311
421245152325431
145223255435325
522521344211355
223243235254312
152131552253414
113452513222251
315541422324221
313333135524455
432444444232331
111113111314242
122315132131421
341132435312335
Number of Color 1: 48
Number of Color 2: 52
Number of Color 3: 52
Number of Color 4: 33
Number of Color 5: 40
Current Score: 0
Time Used: 476.972 seconds
999999
1904903460
3786769878390
Average score: 1904.91
Top score: 2379
total_top_score: 110745
total_avg_score: 92975
