board index: 50
init board: 
max_col_idx: 14
Game Board: 
312124212155354
242232123155152
322351422434325
131411422151354
514442315234424
235244555453151
454312522423423
525551325423513
111133325334345
451224155244341
545433151213352
213515542523544
344522413234333
552241335343313
325223215444322
Number of Color 1: 37
Number of Color 2: 50
Number of Color 3: 48
Number of Color 4: 44
Number of Color 5: 46
Current Score: 0
Time Used: 977.574 seconds
999999
1428974756
2265676262472
Average score: 1428.98
Top score: 2387
board index: 51
init board: 
max_col_idx: 14
Game Board: 
421325432553152
334351124432134
112121341343413
142314444532325
452154413454153
515511541551122
544223351114135
445152431122142
232514112211143
154445145322111
413132443255122
251112512433215
434511334332442
435514311514355
151125233342522
Number of Color 1: 58
Number of Color 2: 41
Number of Color 3: 40
Number of Color 4: 46
Number of Color 5: 40
Current Score: 0
Time Used: 1084.52 seconds
999999
2181671239
5260466343337
Average score: 2181.67
Top score: 3242
board index: 52
init board: 
max_col_idx: 14
Game Board: 
551123451443155
151324441443343
335243225224132
333454324554325
354434431434352
353123413345424
531215454444323
152223343324135
355142535521441
424434225511423
113455243532535
232324551122345
133255544333341
353544251234311
122222124114322
Number of Color 1: 33
Number of Color 2: 43
Number of Color 3: 55
Number of Color 4: 52
Number of Color 5: 42
Current Score: 0
Time Used: 899.934 seconds
999999
2003923529
4239730362817
Average score: 2003.93
Top score: 2653
board index: 53
init board: 
max_col_idx: 14
Game Board: 
543531243433532
534231522112325
315514334534343
143151435535525
313434525141231
254452242245322
211235442522535
512544211253413
521142152511414
141555254443142
555442134431442
544514314325135
243114445333225
345252535243232
212251221155323
Number of Color 1: 39
Number of Color 2: 47
Number of Color 3: 43
Number of Color 4: 46
Number of Color 5: 50
Current Score: 0
Time Used: 1148.58 seconds
999999
1086802761
1419014600187
Average score: 1086.8
Top score: 2061
board index: 54
init board: 
max_col_idx: 14
Game Board: 
312115321252534
342122132154442
552121445324141
315333432245334
115312455534213
422322214241553
414151551253134
445524513454131
434415131241541
512544143253541
154222554315343
421211425112145
355523224442232
221153353331543
332342525525254
Number of Color 1: 45
Number of Color 2: 47
Number of Color 3: 41
Number of Color 4: 46
Number of Color 5: 46
Current Score: 0
Time Used: 1111.64 seconds
999999
1027034793
1277296136483
Average score: 1027.04
Top score: 1947
board index: 55
init board: 
max_col_idx: 14
Game Board: 
145532253423521
214421342114153
515135245521431
252323242335543
454421152321532
223534333534515
255342425342212
424232541522145
553125231523111
151441522435523
425412553424351
114353221414123
315523452253325
413252532354512
522434313454443
Number of Color 1: 37
Number of Color 2: 53
Number of Color 3: 44
Number of Color 4: 41
Number of Color 5: 50
Current Score: 0
Time Used: 1192.64 seconds
999999
871457255
952898947527
Average score: 871.458
Top score: 1944
board index: 56
init board: 
max_col_idx: 14
Game Board: 
512543132152253
153252411511144
355524325441441
414223244425252
355133255225323
215423515431544
214411111353235
322341313113113
424413325441552
551531313333522
142524334545135
454314331222434
512235345244324
312131455544211
424522143221353
Number of Color 1: 45
Number of Color 2: 45
Number of Color 3: 46
Number of Color 4: 45
Number of Color 5: 44
Current Score: 0
Time Used: 998.914 seconds
999999
961344250
1059107842652
Average score: 961.345
Top score: 1990
board index: 57
init board: 
max_col_idx: 14
Game Board: 
142435243535535
334321455323221
323513531355125
315341115451214
152131153245434
515524343513114
333523424442351
545212124544145
214213314553525
531424221324211
413122243155214
224131451213555
553212213541523
434455314433325
115321324254532
Number of Color 1: 46
Number of Color 2: 42
Number of Color 3: 47
Number of Color 4: 41
Number of Color 5: 49
Current Score: 0
Time Used: 1104.24 seconds
999999
1110046730
1522257462774
Average score: 1110.05
Top score: 2194
board index: 58
init board: 
max_col_idx: 14
Game Board: 
253535153322252
252524525153245
244221145213253
235111145132214
342533232232343
532522513422352
244351415554315
524341544521223
134233345431453
245352422245535
154213543244551
415413241243341
511111314413512
512152514412421
533311414213135
Number of Color 1: 44
Number of Color 2: 50
Number of Color 3: 43
Number of Color 4: 41
Number of Color 5: 47
Current Score: 0
Time Used: 874.593 seconds
999999
1354400502
2046094098304
Average score: 1354.4
Top score: 2515
board index: 59
init board: 
max_col_idx: 14
Game Board: 
551455123425213
325414434353321
111435132453221
341225252223525
354451333543523
335341353415434
244543432425232
445512443451242
145425335534512
132531452154432
431453455223432
422244521534151
433125443131145
541551334223224
445211231325251
Number of Color 1: 35
Number of Color 2: 45
Number of Color 3: 48
Number of Color 4: 50
Number of Color 5: 47
Current Score: 0
Time Used: 1027.11 seconds
999999
1503525534
2680690357178
Average score: 1503.53
Top score: 2508
board index: 60
init board: 
max_col_idx: 14
Game Board: 
241424443423251
415154153255313
352121324543133
153215532542231
522453131514133
444432345553534
334523124441425
555533113123144
434555243554253
331225234415411
343524245533214
544354533323445
112535423351131
141444534151222
321323245122154
Number of Color 1: 39
Number of Color 2: 38
Number of Color 3: 51
Number of Color 4: 50
Number of Color 5: 47
Current Score: 0
Time Used: 994.022 seconds
999999
1112313291
1454330829799
Average score: 1112.31
Top score: 2172
board index: 61
init board: 
max_col_idx: 14
Game Board: 
551153335312544
523251235513333
534412154144153
522314411342412
514553341315223
134324454442214
234234154215412
424342225151515
122351154535453
233251154422551
443535145243224
251111142235422
524445554413523
353531311542333
144232243152352
Number of Color 1: 42
Number of Color 2: 44
Number of Color 3: 44
Number of Color 4: 47
Number of Color 5: 48
Current Score: 0
Time Used: 1035.63 seconds
999999
1055256663
1275111288941
Average score: 1055.26
Top score: 1886
board index: 62
init board: 
max_col_idx: 14
Game Board: 
133353344522332
221514513514145
342353221154535
142553112332121
143452153212155
142234411242133
212152445223235
344345443135145
223411124235511
224333312412152
522225414421534
454513542122253
521252111255523
414424145511153
111555153451213
Number of Color 1: 52
Number of Color 2: 50
Number of Color 3: 39
Number of Color 4: 39
Number of Color 5: 45
Current Score: 0
Time Used: 993.721 seconds
999999
1434895426
2419509593486
Average score: 1434.9
Top score: 2495
board index: 63
init board: 
max_col_idx: 14
Game Board: 
332111351434243
435211133454355
323511543555534
551135512524141
552121342431222
441253545133524
345215544434514
444333555125155
551554543444542
352313441424155
432215554211434
211121434434115
521535223533511
314331121332325
444231245443342
Number of Color 1: 44
Number of Color 2: 33
Number of Color 3: 45
Number of Color 4: 51
Number of Color 5: 52
Current Score: 0
Time Used: 893.178 seconds
999999
1227185854
1738742714100
Average score: 1227.19
Top score: 2103
board index: 64
init board: 
max_col_idx: 14
Game Board: 
243335323425242
535234533311515
251544222544151
124213551234123
211154452513232
535213235452213
255551434312543
412513441235223
241143323151315
414512432224415
152515531145455
245211135253224
215145521531543
553114514341542
331315512312125
Number of Color 1: 49
Number of Color 2: 46
Number of Color 3: 41
Number of Color 4: 36
Number of Color 5: 53
Current Score: 0
Time Used: 1122.16 seconds
999999
1369653531
2173127848197
Average score: 1369.65
Top score: 2482
board index: 65
init board: 
max_col_idx: 14
Game Board: 
251422132314414
533242134153231
414214145423144
415351333341253
414135111523143
455215222352234
115422534212314
541144555155111
543432212321554
224131243141143
145332543544113
242234123221235
122525355433433
412442325445511
445241223235532
Number of Color 1: 48
Number of Color 2: 47
Number of Color 3: 43
Number of Color 4: 49
Number of Color 5: 38
Current Score: 0
Time Used: 1091.65 seconds
999999
1262841301
1880043097215
Average score: 1262.84
Top score: 2460
board index: 66
init board: 
max_col_idx: 14
Game Board: 
111222421525453
131341153221142
523235454121131
452132412111311
114213325223231
424131232551453
121312532414513
444144343254122
432241531333233
132225323553541
433152144223454
232112442322341
521245245433254
433331131312121
114434451555254
Number of Color 1: 54
Number of Color 2: 51
Number of Color 3: 47
Number of Color 4: 42
Number of Color 5: 31
Current Score: 0
Time Used: 937.936 seconds
999999
1135168224
1586541577588
Average score: 1135.17
Top score: 2522
board index: 67
init board: 
max_col_idx: 14
Game Board: 
345544251421245
545135133212313
252412323514532
434212333425241
352555213255114
443115523422224
251352145522533
533315245254133
231334514251312
514452542123314
141224411222514
212213152352212
241145224522155
255514114522144
231345551411545
Number of Color 1: 46
Number of Color 2: 55
Number of Color 3: 35
Number of Color 4: 40
Number of Color 5: 49
Current Score: 0
Time Used: 857.331 seconds
999999
1557845035
2817513780743
Average score: 1557.85
Top score: 2718
board index: 68
init board: 
max_col_idx: 14
Game Board: 
231431134122521
243545542523434
524534111213233
545251551423313
433253451233424
434522323142414
524133425344111
241111132455321
425311511345152
115554244125215
235212314545311
224431254254212
322232313433333
134151522425341
433344135452135
Number of Color 1: 47
Number of Color 2: 46
Number of Color 3: 48
Number of Color 4: 45
Number of Color 5: 39
Current Score: 0
Time Used: 959.129 seconds
999999
770924621
752627184699
Average score: 770.925
Top score: 2039
board index: 69
init board: 
max_col_idx: 14
Game Board: 
235321453122141
244414141112544
213514253433232
143224133212433
523441221441333
321113153143315
141113231352315
252242444533233
153213545424422
154254533323433
113244144223353
123331125151511
354441422244114
545414333354224
521451332551341
Number of Color 1: 50
Number of Color 2: 43
Number of Color 3: 53
Number of Color 4: 49
Number of Color 5: 30
Current Score: 0
Time Used: 885.744 seconds
999999
1396618910
2218650679318
Average score: 1396.62
Top score: 2482
board index: 70
init board: 
max_col_idx: 14
Game Board: 
545131512511523
231322221332112
441314431422515
155111143452424
313352545212121
122225325331451
225311214425253
131121114345552
334424543353512
423451151445344
452555123212525
122232113552321
142513334235133
514254141225155
454455335233254
Number of Color 1: 51
Number of Color 2: 50
Number of Color 3: 40
Number of Color 4: 36
Number of Color 5: 48
Current Score: 0
Time Used: 1077.28 seconds
999999
1454118897
2507146178949
Average score: 1454.12
Top score: 2404
board index: 71
init board: 
max_col_idx: 14
Game Board: 
142154115441425
252252341114514
512254443221223
524555112252443
152154225321241
113354245254453
333131413143411
112513312332554
224322113251521
122115231532454
422315235155454
121533212434153
551355414132414
455113445134241
144341215413243
Number of Color 1: 55
Number of Color 2: 46
Number of Color 3: 35
Number of Color 4: 46
Number of Color 5: 43
Current Score: 0
Time Used: 932.234 seconds
999999
1087938025
1331315865213
Average score: 1087.94
Top score: 2276
board index: 72
init board: 
max_col_idx: 14
Game Board: 
154331243134451
515343452322133
423444414125144
322422214143343
442242512413551
525455431151241
442524412125231
411525232251512
133453254154351
141414142242224
311235525324241
315143344141112
444254455451411
233223542354432
344333125455422
Number of Color 1: 45
Number of Color 2: 47
Number of Color 3: 37
Number of Color 4: 59
Number of Color 5: 37
Current Score: 0
Time Used: 958.436 seconds
999999
2131166518
5085836232852
Average score: 2131.17
Top score: 3288
board index: 73
init board: 
max_col_idx: 14
Game Board: 
423431433221253
345253333255214
312352511451121
233142415225153
524412414444152
235341321414114
122455431121353
342143554144454
414155152431553
212452345421141
325534523421352
135412435522113
344332533535532
311533213413313
212512443323131
Number of Color 1: 48
Number of Color 2: 42
Number of Color 3: 51
Number of Color 4: 44
Number of Color 5: 40
Current Score: 0
Time Used: 1055.97 seconds
999999
1040250784
1377018825180
Average score: 1040.25
Top score: 2066
board index: 74
init board: 
max_col_idx: 14
Game Board: 
234551232455434
142155432121221
154414355514354
253242555131324
331111413543141
231343541331124
254441355524432
532455545434115
532233144214122
534521425324415
234224431511525
232331123314432
114134511551334
411454335525415
555135253433113
Number of Color 1: 48
Number of Color 2: 36
Number of Color 3: 45
Number of Color 4: 48
Number of Color 5: 48
Current Score: 0
Time Used: 1016.02 seconds
999999
1277971710
1908680762348
Average score: 1277.97
Top score: 2346
board index: 75
init board: 
max_col_idx: 14
Game Board: 
341452524333154
121534443544423
222214134152132
123415343455315
244245421425155
453441442522553
333213512414135
233334224145351
434431445531513
544313431343242
141222154331223
152321134124554
344421231413453
114123231452255
332131121155122
Number of Color 1: 46
Number of Color 2: 43
Number of Color 3: 48
Number of Color 4: 52
Number of Color 5: 36
Current Score: 0
Time Used: 912.759 seconds
999999
1466421160
2350749201952
Average score: 1466.42
Top score: 2338
board index: 76
init board: 
max_col_idx: 14
Game Board: 
235124121553545
311415111422154
541451335545344
235544152555332
255511144534555
154551331124231
433122142542331
413252155555214
454442133343345
522441131132421
221423545414131
335225215253412
112414444333151
115224513221552
434213143355451
Number of Color 1: 51
Number of Color 2: 38
Number of Color 3: 38
Number of Color 4: 46
Number of Color 5: 52
Current Score: 0
Time Used: 942.013 seconds
999999
1444004487
2411061608233
Average score: 1444.01
Top score: 2496
board index: 77
init board: 
max_col_idx: 14
Game Board: 
514241151245243
423353341543524
254134124535151
423144511322515
343211532111431
223243552442152
422321133255233
152552244131235
332312255141512
431534224331353
243235225232534
132151351311521
255552211432444
354553155244425
242421144453235
Number of Color 1: 43
Number of Color 2: 51
Number of Color 3: 44
Number of Color 4: 41
Number of Color 5: 46
Current Score: 0
Time Used: 1346.15 seconds
999999
1351004197
2145153098257
Average score: 1351.01
Top score: 2371
board index: 78
init board: 
max_col_idx: 14
Game Board: 
154343525435532
413334554442335
452355543224532
511252555152453
354354331113125
441141225242554
412115434333423
154213213335234
444435441435532
243252354513315
533541523445325
424152331321512
321422222535141
341432452424134
153542311344432
Number of Color 1: 34
Number of Color 2: 41
Number of Color 3: 51
Number of Color 4: 51
Number of Color 5: 48
Current Score: 0
Time Used: 942.495 seconds
999999
1056771957
1406895086437
Average score: 1056.77
Top score: 2271
board index: 79
init board: 
max_col_idx: 14
Game Board: 
323335135521445
111214552453335
312512242525333
211555441445451
123545224514543
142224525231134
544325124343341
235245142445232
431252415435444
144154525551151
213531444552223
245254155454352
311335154425112
545414423523523
424541424555253
Number of Color 1: 37
Number of Color 2: 43
Number of Color 3: 35
Number of Color 4: 53
Number of Color 5: 57
Current Score: 0
Time Used: 980.463 seconds
999999
1474069525
2488511908009
Average score: 1474.07
Top score: 2809
board index: 80
init board: 
max_col_idx: 14
Game Board: 
344321445544252
425125412243452
255324551544232
134335141523331
325144331434233
114145152135214
433111442455315
214424352415224
545243345255133
115224411432532
513554355534112
335525223422443
241355123515434
154432443411213
215413131121343
Number of Color 1: 43
Number of Color 2: 41
Number of Color 3: 45
Number of Color 4: 52
Number of Color 5: 44
Current Score: 0
Time Used: 989.722 seconds
999999
1180380715
1617996692583
Average score: 1180.38
Top score: 2509
board index: 81
init board: 
max_col_idx: 14
Game Board: 
232554555111233
115422431423523
331134354255433
554245342515541
252313141135212
211432532212124
115425315355224
144122253411341
151542331224341
122213445542252
413332154112543
351145522221324
132414254335414
515325434344531
353135535115211
Number of Color 1: 50
Number of Color 2: 46
Number of Color 3: 43
Number of Color 4: 40
Number of Color 5: 46
Current Score: 0
Time Used: 1161.16 seconds
999999
857129666
931819932756
Average score: 857.131
Top score: 2002
board index: 82
init board: 
max_col_idx: 14
Game Board: 
214244443455515
324144334455322
544231111155331
222251133144414
225552211511145
354112511431312
135541141314331
451243254155435
211425441322225
535512522232351
311212342241224
314242152452524
542132514454425
543435144323211
211243222314225
Number of Color 1: 51
Number of Color 2: 52
Number of Color 3: 33
Number of Color 4: 48
Number of Color 5: 41
Current Score: 0
Time Used: 911.748 seconds
999999
1758825141
3366735802297
Average score: 1758.83
Top score: 2910
board index: 83
init board: 
max_col_idx: 14
Game Board: 
234545425122224
421213315225231
123452235412112
445213342214522
242355112353541
212424443325145
553444452554223
414243423321425
524142335113231
332141455145454
355331122233153
552311322511344
444152243153441
445153531224151
433442311335424
Number of Color 1: 41
Number of Color 2: 51
Number of Color 3: 42
Number of Color 4: 51
Number of Color 5: 40
Current Score: 0
Time Used: 997.369 seconds
999999
1645422171
3044466756351
Average score: 1645.42
Top score: 2679
board index: 84
init board: 
max_col_idx: 14
Game Board: 
132322425412112
534112534512441
325353541243151
253245344235514
352222241152113
524111343512131
141112322214423
133313352251341
544132512511155
354551325221123
321131255334222
113212555445335
133331324435324
424235222531242
513151351354522
Number of Color 1: 52
Number of Color 2: 52
Number of Color 3: 47
Number of Color 4: 32
Number of Color 5: 42
Current Score: 0
Time Used: 932.686 seconds
999999
1569036221
2802207069947
Average score: 1569.04
Top score: 2536
board index: 85
init board: 
max_col_idx: 14
Game Board: 
453321442434222
545415224315221
242532231123415
121433121143211
324321433544232
423133355342454
121145514545255
412534545515432
451251145253431
221214133251334
123434354152511
314325521531133
542555251113511
344332241334324
231425413325233
Number of Color 1: 46
Number of Color 2: 46
Number of Color 3: 48
Number of Color 4: 44
Number of Color 5: 41
Current Score: 0
Time Used: 1010.55 seconds
999999
968193083
1149686319177
Average score: 968.194
Top score: 1993
board index: 86
init board: 
max_col_idx: 14
Game Board: 
252511442443343
554322553434451
122112245421425
524333414414513
224225143123545
345233541513251
222532444245235
513254322254455
131451144325315
153315523551425
214523253515311
313352244231223
433555224234511
115145314151235
414142124553453
Number of Color 1: 41
Number of Color 2: 46
Number of Color 3: 41
Number of Color 4: 46
Number of Color 5: 51
Current Score: 0
Time Used: 1003.39 seconds
999999
1184507742
1705467217950
Average score: 1184.51
Top score: 2308
board index: 87
init board: 
max_col_idx: 14
Game Board: 
455253132455314
453424223112232
432422521434221
214511214522323
411215554321431
235524533232414
454142514341231
353555352323425
222214231233343
145311443253423
411352113534123
312553353545532
553113255125151
112535423323111
554542222242345
Number of Color 1: 41
Number of Color 2: 53
Number of Color 3: 48
Number of Color 4: 38
Number of Color 5: 45
Current Score: 0
Time Used: 1025.13 seconds
999999
1533459898
2574975110090
Average score: 1533.46
Top score: 2367
board index: 88
init board: 
max_col_idx: 14
Game Board: 
443534544241452
511345112145231
552121331144244
112123225545353
134455422432512
135333324544124
143212554154131
122214121252514
115111131541531
143251353554533
314215154551543
522341211452414
415153235234543
214221524234151
154312144322355
Number of Color 1: 56
Number of Color 2: 41
Number of Color 3: 36
Number of Color 4: 46
Number of Color 5: 46
Current Score: 0
Time Used: 1020.56 seconds
999999
1243630722
1800465150854
Average score: 1243.63
Top score: 2501
board index: 89
init board: 
max_col_idx: 14
Game Board: 
322422143212153
215325225134115
324413531235133
554521221325533
242211151114253
324542533511332
223545413423152
135314412255113
441445523251215
524244244344322
331123432145412
151344112152352
235554425443131
445252152513221
243335152251522
Number of Color 1: 46
Number of Color 2: 55
Number of Color 3: 42
Number of Color 4: 38
Number of Color 5: 44
Current Score: 0
Time Used: 949.132 seconds
999999
1615678125
2968354818573
Average score: 1615.68
Top score: 2795
board index: 90
init board: 
max_col_idx: 14
Game Board: 
151152531424224
324413342212315
325232434541251
155531133515454
414235425532345
524325341443145
224524444231325
451335145521433
145445155512435
414313321113242
221531151412333
452513112351341
522113552351115
231545441442435
233145335212413
Number of Color 1: 48
Number of Color 2: 40
Number of Color 3: 44
Number of Color 4: 46
Number of Color 5: 47
Current Score: 0
Time Used: 1092.54 seconds
999999
1388607903
2191408913167
Average score: 1388.61
Top score: 2226
board index: 91
init board: 
max_col_idx: 14
Game Board: 
252323152343423
452425113212243
531314344111312
414451433441112
451233453432322
555143242214142
224515432533233
211433252225254
552555451451553
232452215315523
553535422252443
411112555222524
224255235455531
314225453552341
322234142254342
Number of Color 1: 34
Number of Color 2: 58
Number of Color 3: 41
Number of Color 4: 42
Number of Color 5: 50
Current Score: 0
Time Used: 963.189 seconds
999999
1028602921
1288427688003
Average score: 1028.6
Top score: 3034
board index: 92
init board: 
max_col_idx: 14
Game Board: 
554235311152253
134524353245432
233243534341511
535435521152413
115443154333314
141123132552524
142153322213144
244351244122251
522345523243353
534121351551351
321521343351235
543533442512143
132413324531141
155455512322211
315231125324145
Number of Color 1: 48
Number of Color 2: 42
Number of Color 3: 51
Number of Color 4: 37
Number of Color 5: 47
Current Score: 0
Time Used: 1058.71 seconds
999999
1438942108
2385351473038
Average score: 1438.94
Top score: 2496
board index: 93
init board: 
max_col_idx: 14
Game Board: 
434522513143514
334412335553334
411111414153153
233514144155552
213132412321242
531555531345511
153155351215334
445441534214521
141123253244225
312451242423325
243431111511515
315534142351131
135341243234242
444112335351521
153215433444555
Number of Color 1: 55
Number of Color 2: 33
Number of Color 3: 46
Number of Color 4: 44
Number of Color 5: 47
Current Score: 0
Time Used: 994.167 seconds
999999
1416424092
2315374895010
Average score: 1416.43
Top score: 2590
board index: 94
init board: 
max_col_idx: 14
Game Board: 
444343323221321
453355524432322
412351153245221
545331511455332
432212123125231
221552451542332
423253425555434
224343525433115
114144414132342
433453235231554
154423354455422
534132415241324
344345421423211
334112513154422
154134114551115
Number of Color 1: 41
Number of Color 2: 46
Number of Color 3: 46
Number of Color 4: 50
Number of Color 5: 42
Current Score: 0
Time Used: 992.747 seconds
999999
1035790529
1367606196005
Average score: 1035.79
Top score: 2172
board index: 95
init board: 
max_col_idx: 14
Game Board: 
221452423454433
443533254323324
552435552525322
415244421223452
255524243215331
515225524223141
522252251334145
341511444145414
325155342354352
125344544431512
542111144335331
135121125354314
225555552453515
415255442314453
232355113532151
Number of Color 1: 36
Number of Color 2: 47
Number of Color 3: 39
Number of Color 4: 46
Number of Color 5: 57
Current Score: 0
Time Used: 940.232 seconds
999999
2011092272
4435129563266
Average score: 2011.09
Top score: 2979
board index: 96
init board: 
max_col_idx: 14
Game Board: 
235551544313133
234122525342223
121521455445524
444511531541154
313122315241522
531131542252242
415423533351442
154555522232522
244545231355211
124533344134351
241215225311444
233212252152111
252525555254313
512435411525325
242415541225453
Number of Color 1: 43
Number of Color 2: 54
Number of Color 3: 34
Number of Color 4: 39
Number of Color 5: 55
Current Score: 0
Time Used: 963.031 seconds
999999
2029874677
4524480732531
Average score: 2029.88
Top score: 3027
board index: 97
init board: 
max_col_idx: 14
Game Board: 
555431234221535
121242123235314
111113322114424
142444133111321
415224135212552
351113352114535
115121455323521
531555252324123
213411132412125
433521131214421
122335225542531
114411535523525
212145311444115
542252253432421
445345115322313
Number of Color 1: 61
Number of Color 2: 50
Number of Color 3: 38
Number of Color 4: 34
Number of Color 5: 42
Current Score: 0
Time Used: 1003.6 seconds
999999
1352670322
2250992584434
Average score: 1352.67
Top score: 3005
board index: 98
init board: 
max_col_idx: 14
Game Board: 
423121443311222
422152533532352
543445553145245
143151325515441
533134451255153
132535143331212
123512221555453
424441423121423
221522223121453
235212121222411
431134451251144
244313241532211
222241525325511
241314223245514
244511442555312
Number of Color 1: 50
Number of Color 2: 56
Number of Color 3: 36
Number of Color 4: 41
Number of Color 5: 42
Current Score: 0
Time Used: 905.698 seconds
999999
1485592896
2601002682092
Average score: 1485.59
Top score: 2931
board index: 99
init board: 
max_col_idx: 14
Game Board: 
443554145135231
355124244233254
225234145223342
452552343113412
112331152211513
114523211354254
522555312531242
554555232425113
324255414424241
321455514251454
415151113331334
554221243235233
422315251324322
142424244312355
133315345533312
Number of Color 1: 42
Number of Color 2: 50
Number of Color 3: 44
Number of Color 4: 42
Number of Color 5: 47
Current Score: 0
Time Used: 983.596 seconds
999999
1036744481
1296043195623
Average score: 1036.75
Top score: 1987
total_top_score: 122512
total_avg_score: 67416.3
