board index: 200
init board: 
max_col_idx: 14
Game Board: 
532132334511235
434555452542451
114222135255355
431334335454412
554445221251532
545231233423253
125323224452511
222433221241244
324524554552225
135432452131135
321453553231325
354235145432431
152215144335411
254241234553314
531352152551255
Number of Color 1: 35
Number of Color 2: 50
Number of Color 3: 44
Number of Color 4: 40
Number of Color 5: 56
Current Score: 0
Time Used: 1003.72 seconds
999999
1625150387
3028446984035
Average score: 1625.15
Top score: 2859
board index: 201
init board: 
max_col_idx: 14
Game Board: 
134544524515211
224254511344112
535153254342345
435152453223335
225212141324414
514232454125541
455324215414425
544135325214242
524533432133215
233451554523311
431332131422411
533211354524215
422451352135551
355322442442212
445211154412131
Number of Color 1: 44
Number of Color 2: 48
Number of Color 3: 37
Number of Color 4: 49
Number of Color 5: 47
Current Score: 0
Time Used: 1043.43 seconds
999999
1267285504
1829462789726
Average score: 1267.29
Top score: 2168
board index: 202
init board: 
max_col_idx: 14
Game Board: 
212452525232311
255225235321431
533543245435153
345322452235351
221414131425143
431143241252441
435352523521512
122245525111423
542214355243434
532425331113542
342124213351355
331225441552455
313431313533224
454531322522232
522425322515432
Number of Color 1: 36
Number of Color 2: 57
Number of Color 3: 47
Number of Color 4: 37
Number of Color 5: 48
Current Score: 0
Time Used: 1051.16 seconds
999999
1911519332
3936996386978
Average score: 1911.52
Top score: 2687
board index: 203
init board: 
max_col_idx: 14
Game Board: 
541431455524315
324454344512531
334344123145523
321155554143555
235424352111523
211225153533543
342541542434411
553323113542554
513113433533352
435213521115551
335151121215421
224343343232253
111432315421553
425452233335551
142343521122122
Number of Color 1: 45
Number of Color 2: 39
Number of Color 3: 51
Number of Color 4: 38
Number of Color 5: 52
Current Score: 0
Time Used: 1024.11 seconds
999999
1677374300
3327098183840
Average score: 1677.38
Top score: 2727
board index: 204
init board: 
max_col_idx: 14
Game Board: 
542544555244214
321332124554515
124224513554312
533415514511343
333544155153413
312513415314322
442154314252535
215114433355441
341445455142523
143551213111254
544135524232153
512135224154542
215352155551331
444432321234121
222422314332125
Number of Color 1: 46
Number of Color 2: 41
Number of Color 3: 40
Number of Color 4: 47
Number of Color 5: 51
Current Score: 0
Time Used: 1064.58 seconds
999999
1369102177
2155037674035
Average score: 1369.1
Top score: 2435
board index: 205
init board: 
max_col_idx: 14
Game Board: 
513251555334234
452223343144523
151344241252324
554542525444413
132235411225432
223553411144452
431325533532235
525152354415412
153133545545313
141342341535322
415144153551354
441115523532214
424554414352233
124133512122521
514424133454215
Number of Color 1: 40
Number of Color 2: 42
Number of Color 3: 43
Number of Color 4: 49
Number of Color 5: 51
Current Score: 0
Time Used: 1075.83 seconds
999999
1567502325
2635062200149
Average score: 1567.5
Top score: 2240
board index: 206
init board: 
max_col_idx: 14
Game Board: 
353515315542144
335235135232512
134324423422334
532242134242431
441434243545351
145131355352521
134541531351231
335312454333145
334152343435155
321232312425322
254143534115531
153353112513413
354152452412211
121423543124541
345514352134511
Number of Color 1: 46
Number of Color 2: 37
Number of Color 3: 55
Number of Color 4: 42
Number of Color 5: 45
Current Score: 0
Time Used: 1126.43 seconds
999999
1335465019
2066671126927
Average score: 1335.47
Top score: 2299
board index: 207
init board: 
max_col_idx: 14
Game Board: 
352535234432241
133131152525235
113213451523542
535134253455111
521454442224311
114334525451353
421235512154251
232345232152535
243331543333324
342213153153352
544345114214122
313532243534453
155255245251442
122325141242251
222113444252225
Number of Color 1: 41
Number of Color 2: 52
Number of Color 3: 46
Number of Color 4: 38
Number of Color 5: 48
Current Score: 0
Time Used: 939.915 seconds
999999
1224701908
1822863616900
Average score: 1224.7
Top score: 2234
board index: 208
init board: 
max_col_idx: 14
Game Board: 
145115515123151
223314223322511
445555253332522
254245213532543
345244424454552
255411213211352
143215112553523
511243114335212
324513123231124
412512213332352
555525551145235
322225342432354
212421434351222
452551424453522
113234322322225
Number of Color 1: 40
Number of Color 2: 62
Number of Color 3: 40
Number of Color 4: 33
Number of Color 5: 50
Current Score: 0
Time Used: 924.46 seconds
999999
1671986883
2960183668999
Average score: 1671.99
Top score: 2670
board index: 209
init board: 
max_col_idx: 14
Game Board: 
552255452344241
154223153221252
421343214321424
215422215432351
443552142334311
441144551353151
115155535443245
243215333525234
551252451433432
343245153323325
351354321335521
435413344423133
441413152114421
153542141545414
153232534332223
Number of Color 1: 41
Number of Color 2: 43
Number of Color 3: 49
Number of Color 4: 47
Number of Color 5: 45
Current Score: 0
Time Used: 1039.06 seconds
999999
765900587
778692956261
Average score: 765.901
Top score: 2101
board index: 210
init board: 
max_col_idx: 14
Game Board: 
132543311313555
321421255145134
545311222143154
152231244532342
233353144311325
231351553254531
222514124415312
533355111341443
243531535213213
531124214312353
122553332351133
522151311552545
541231141231244
422344314143412
151212411334233
Number of Color 1: 55
Number of Color 2: 42
Number of Color 3: 53
Number of Color 4: 35
Number of Color 5: 40
Current Score: 0
Time Used: 1067.3 seconds
999999
1359964983
2212991781397
Average score: 1359.97
Top score: 2516
board index: 211
init board: 
max_col_idx: 14
Game Board: 
414355155325544
141325525214223
422254312145213
442533444213222
525312155224524
521542422242143
431433453535355
424552442531341
341524543324553
324155213334311
515153531114435
225413415545345
432512411244125
412435111114214
343441341212225
Number of Color 1: 42
Number of Color 2: 46
Number of Color 3: 38
Number of Color 4: 52
Number of Color 5: 47
Current Score: 0
Time Used: 960.494 seconds
999999
1329333665
2095422807187
Average score: 1329.33
Top score: 2596
board index: 212
init board: 
max_col_idx: 14
Game Board: 
215211132422142
225542125145241
542315552544141
415541155414533
545133233513553
242424441532314
443252121514222
354321543355532
325115431435453
553215141442523
424241551111325
545253152513123
132454514525213
253531411115453
535115414253513
Number of Color 1: 49
Number of Color 2: 41
Number of Color 3: 36
Number of Color 4: 42
Number of Color 5: 57
Current Score: 0
Time Used: 1028.55 seconds
999999
1053378442
1383423624210
Average score: 1053.38
Top score: 2355
board index: 213
init board: 
max_col_idx: 14
Game Board: 
235351424543251
325152311225453
221423141412234
341324114525424
544525554323115
144152522132452
155515544554241
255225135554352
442435231355552
542242521134331
511442513534412
422131113221222
415515412142253
512455343151151
244535253553224
Number of Color 1: 43
Number of Color 2: 51
Number of Color 3: 31
Number of Color 4: 43
Number of Color 5: 57
Current Score: 0
Time Used: 1005.52 seconds
999999
1598717253
2955339771295
Average score: 1598.72
Top score: 2786
board index: 214
init board: 
max_col_idx: 14
Game Board: 
152552342413331
234551431411223
534241131552422
324421325311434
153514331435535
434141524455112
314232142411155
534212545342255
342543255221113
144514423312512
211424525525522
215525542235434
323141511255524
111312353444243
435245223343351
Number of Color 1: 45
Number of Color 2: 47
Number of Color 3: 41
Number of Color 4: 45
Number of Color 5: 47
Current Score: 0
Time Used: 1068.99 seconds
999999
871902761
875989731749
Average score: 871.904
Top score: 1559
board index: 215
init board: 
max_col_idx: 14
Game Board: 
113311242214554
425455425311142
342531211325243
131535233132351
312252425445154
544324214231452
142215151522414
224211212133445
444314143154514
232331344315355
451135222212444
153543112414314
545223454213312
215334525415115
253445242121242
Number of Color 1: 50
Number of Color 2: 49
Number of Color 3: 36
Number of Color 4: 50
Number of Color 5: 40
Current Score: 0
Time Used: 1032.47 seconds
999999
1176079469
1668396376561
Average score: 1176.08
Top score: 2215
board index: 216
init board: 
max_col_idx: 14
Game Board: 
134545212252344
515313553312522
544314314444344
145533351455135
141325424122421
125542322444413
122552234551412
224322135515532
425155154311413
512324324525242
335133235244442
435415545134333
243524331135412
422434255221211
211534354521552
Number of Color 1: 39
Number of Color 2: 48
Number of Color 3: 41
Number of Color 4: 49
Number of Color 5: 48
Current Score: 0
Time Used: 1021.56 seconds
999999
1266999656
1967855388592
Average score: 1267
Top score: 2326
board index: 217
init board: 
max_col_idx: 14
Game Board: 
114223413445324
323233242434234
422114422512414
111323255525315
512122414254423
122124155325243
211231552315211
433414531321451
543452215444111
154444122431525
443314414341234
211352322413545
512332114445232
551432332455424
132533453134334
Number of Color 1: 46
Number of Color 2: 49
Number of Color 3: 43
Number of Color 4: 53
Number of Color 5: 34
Current Score: 0
Time Used: 956.168 seconds
999999
1595344964
2819747633012
Average score: 1595.35
Top score: 2485
board index: 218
init board: 
max_col_idx: 14
Game Board: 
251441455222332
311145445314222
143242343241355
451511211512112
511213221331112
512424411241233
312122225141114
124152232215341
454212135452543
311434243324152
112114543344221
121232215413431
233141251325431
221141544312545
153131155311545
Number of Color 1: 66
Number of Color 2: 51
Number of Color 3: 35
Number of Color 4: 41
Number of Color 5: 32
Current Score: 0
Time Used: 947.173 seconds
999999
2986947899
9829125593103
Average score: 2986.95
Top score: 4237
board index: 219
init board: 
max_col_idx: 14
Game Board: 
112311245444355
333425555542312
321415143112442
212345555535435
253213532222131
344514525225432
552352511134333
313325455544153
355415212322432
312515322145551
215424114245231
413325545243455
234542123411253
415444441414335
344421145345525
Number of Color 1: 39
Number of Color 2: 43
Number of Color 3: 42
Number of Color 4: 47
Number of Color 5: 54
Current Score: 0
Time Used: 1049.59 seconds
999999
976946567
1149700013213
Average score: 976.948
Top score: 2374
board index: 220
init board: 
max_col_idx: 14
Game Board: 
232442252343235
434314233455544
555412341135322
441235223212521
243121342521544
451441535355121
214523553455145
322222145555555
142452442553245
525214344423524
323143535334551
443455232553114
424331124255322
331443221142313
535433325452511
Number of Color 1: 31
Number of Color 2: 49
Number of Color 3: 44
Number of Color 4: 48
Number of Color 5: 53
Current Score: 0
Time Used: 954.447 seconds
999999
1420871810
2350090605174
Average score: 1420.87
Top score: 2785
board index: 221
init board: 
max_col_idx: 14
Game Board: 
315314255412444
341112231311124
124344121534235
313124351544154
254554431121524
242111321342331
524222124353351
233215555123524
411555324544414
231353523145313
524252354135222
452412322231253
524421435321455
223532535224541
511555135524453
Number of Color 1: 44
Number of Color 2: 49
Number of Color 3: 41
Number of Color 4: 43
Number of Color 5: 48
Current Score: 0
Time Used: 1044.23 seconds
999999
1426996966
2303639026724
Average score: 1427
Top score: 2363
board index: 222
init board: 
max_col_idx: 14
Game Board: 
324355441415422
142234311154535
532523531335412
133152422535351
513441142341415
523222511233351
541314343253342
521225412313451
231443154425524
355234253252415
533433553422541
554134513213143
313241542423132
134513251553551
255154423525431
Number of Color 1: 42
Number of Color 2: 41
Number of Color 3: 50
Number of Color 4: 41
Number of Color 5: 51
Current Score: 0
Time Used: 1072.47 seconds
999999
945439622
1161144875450
Average score: 945.441
Top score: 2227
board index: 223
init board: 
max_col_idx: 14
Game Board: 
544454431253425
353542224124541
552554145233441
414352241112131
222324315343311
445222134445334
545322321144344
445335252354524
243432351131442
115255244325213
351233135221331
513141234233532
555321154334142
543311341231343
232152223243223
Number of Color 1: 38
Number of Color 2: 48
Number of Color 3: 52
Number of Color 4: 49
Number of Color 5: 38
Current Score: 0
Time Used: 973.744 seconds
999999
1227819949
1809668973639
Average score: 1227.82
Top score: 2376
board index: 224
init board: 
max_col_idx: 14
Game Board: 
333313214224422
331221215222553
255333542112555
122244231132442
312242412253341
213543424345145
233153135412525
321455435354123
214344122434143
115451551253144
351411215353344
242434115553522
125513121254535
243225131411333
154324423211312
Number of Color 1: 46
Number of Color 2: 51
Number of Color 3: 47
Number of Color 4: 41
Number of Color 5: 40
Current Score: 0
Time Used: 956.172 seconds
999999
824060464
897945065820
Average score: 824.061
Top score: 2038
board index: 225
init board: 
max_col_idx: 14
Game Board: 
243124243551433
312521251555314
515521353453312
544245142131242
355143431324551
251552541515443
123441532415312
521325534521515
251135211342215
531155434443355
145114145552413
515512313452351
144451251512521
411145311525544
313113243225155
Number of Color 1: 55
Number of Color 2: 35
Number of Color 3: 36
Number of Color 4: 39
Number of Color 5: 60
Current Score: 0
Time Used: 1034.38 seconds
999999
1738116074
3548134981266
Average score: 1738.12
Top score: 2994
board index: 226
init board: 
max_col_idx: 14
Game Board: 
522145442152342
125143245331154
411543232135551
442452424521122
251531153141343
315554455322131
252512225314142
512334351412143
513242121444533
535115235211141
253535352455135
154125142325422
442441431213512
432212444124421
342122532135544
Number of Color 1: 49
Number of Color 2: 50
Number of Color 3: 35
Number of Color 4: 46
Number of Color 5: 45
Current Score: 0
Time Used: 1062.34 seconds
999999
768145372
719239176976
Average score: 768.146
Top score: 1860
board index: 227
init board: 
max_col_idx: 14
Game Board: 
113141321455454
524515521413235
232355535455255
115132325554322
141455152522234
432251251115511
334135121134252
533531543121111
421512331244533
515513122322331
442224224543253
232255152223313
344213455431435
444521551122525
414144545423511
Number of Color 1: 48
Number of Color 2: 47
Number of Color 3: 39
Number of Color 4: 37
Number of Color 5: 54
Current Score: 0
Time Used: 1059.88 seconds
999999
1448393900
2328782145054
Average score: 1448.4
Top score: 2624
board index: 228
init board: 
max_col_idx: 14
Game Board: 
323245223332441
514542311214143
511453141123113
241212115431525
232112314134143
514352325424534
522131153332514
251143554143112
125423221223422
453514154525313
553131514242412
353253531541324
225154522355323
243421512142151
111122415142421
Number of Color 1: 57
Number of Color 2: 50
Number of Color 3: 40
Number of Color 4: 39
Number of Color 5: 39
Current Score: 0
Time Used: 1086.09 seconds
999999
1687302402
3280263710822
Average score: 1687.3
Top score: 2789
board index: 229
init board: 
max_col_idx: 14
Game Board: 
154242224532254
324533234542313
442241524552241
454212253425351
114131454534215
524132152234332
123241511122455
452141335242343
142245534215411
224531124334542
341315334434325
325453123433252
152251231523531
535212211525543
352222355124355
Number of Color 1: 37
Number of Color 2: 56
Number of Color 3: 43
Number of Color 4: 43
Number of Color 5: 46
Current Score: 0
Time Used: 1010.52 seconds
999999
1537877413
2730519994219
Average score: 1537.88
Top score: 2715
board index: 230
init board: 
max_col_idx: 14
Game Board: 
415223215344151
544523145555545
423331231154445
132132532353131
142415144513434
443344114543232
322324422252434
152443435114213
111422354242351
511342514321355
131323421415144
324532155524354
224353354252223
144231111555424
415532431421433
Number of Color 1: 44
Number of Color 2: 42
Number of Color 3: 45
Number of Color 4: 53
Number of Color 5: 41
Current Score: 0
Time Used: 1027 seconds
999999
1420084190
2286888325018
Average score: 1420.09
Top score: 2430
board index: 231
init board: 
max_col_idx: 14
Game Board: 
443231235454115
315121131413312
143425531542235
455434412415132
523353315431134
314355444121553
424113411445254
254252412133123
115151235133115
145443424212332
545513543332352
122555533252442
153232254251221
122134455451311
531531122425145
Number of Color 1: 51
Number of Color 2: 41
Number of Color 3: 44
Number of Color 4: 42
Number of Color 5: 47
Current Score: 0
Time Used: 935.819 seconds
999999
1393870521
2092164274473
Average score: 1393.87
Top score: 2276
board index: 232
init board: 
max_col_idx: 14
Game Board: 
242412432323513
113344513211545
343321514555322
243343132151132
123234142424213
221554445414312
313125532344131
435512331244111
231233524552245
243332551435544
445253424424411
142532322452424
552541454554253
124155514252314
541212324315111
Number of Color 1: 44
Number of Color 2: 48
Number of Color 3: 42
Number of Color 4: 50
Number of Color 5: 41
Current Score: 0
Time Used: 935.531 seconds
999999
944909436
989235609466
Average score: 944.91
Top score: 1746
board index: 233
init board: 
max_col_idx: 14
Game Board: 
135333512215143
444552523535312
414332525131213
412335241351512
343232244321213
524333132125242
355114311455244
253514141435511
455125131321422
313341512454454
441414541542533
335143522235113
151245442454521
545343522212312
143235311135154
Number of Color 1: 49
Number of Color 2: 41
Number of Color 3: 47
Number of Color 4: 43
Number of Color 5: 45
Current Score: 0
Time Used: 892.192 seconds
999999
462878667
286424116431
Average score: 462.879
Top score: 1597
board index: 234
init board: 
max_col_idx: 14
Game Board: 
132153532543544
233324325523153
234521352235525
315545412355124
222235445532154
245514351451142
212511541441253
254235251424414
433113313451534
333442115442545
243433421452444
323535242434244
354151342314315
322432221233232
135243521241323
Number of Color 1: 34
Number of Color 2: 49
Number of Color 3: 49
Number of Color 4: 49
Number of Color 5: 44
Current Score: 0
Time Used: 932.134 seconds
999999
1003793806
1266465472812
Average score: 1003.79
Top score: 2349
board index: 235
init board: 
max_col_idx: 14
Game Board: 
553114542245541
415541322312253
451242242224224
221353115344333
122235322455154
122142252531122
424445345424122
234115422133155
125131255155453
554213213554154
214355552124515
125441143354522
544311324415333
521331135321244
135334214454255
Number of Color 1: 43
Number of Color 2: 51
Number of Color 3: 36
Number of Color 4: 45
Number of Color 5: 50
Current Score: 0
Time Used: 1077.61 seconds
999999
1462956611
2513791901229
Average score: 1462.96
Top score: 2599
board index: 236
init board: 
max_col_idx: 14
Game Board: 
145314542455514
445454554255411
112514111242254
253233144221251
353223351415535
123544511333421
352155114424153
344343132322454
311344254225511
412345544321134
153255234133535
523314341355154
124412312233143
144512341211554
531222141541143
Number of Color 1: 51
Number of Color 2: 37
Number of Color 3: 41
Number of Color 4: 50
Number of Color 5: 46
Current Score: 0
Time Used: 952.965 seconds
999999
1304706087
1923324739213
Average score: 1304.71
Top score: 2096
board index: 237
init board: 
max_col_idx: 14
Game Board: 
542412541451343
131421125443413
225131513312412
425441144522223
145341343354222
522152445254133
131542522552333
351351425223133
442451543312121
235213323143215
143232143231133
155241113551535
443444332521322
512343321234115
332555544424314
Number of Color 1: 46
Number of Color 2: 47
Number of Color 3: 50
Number of Color 4: 44
Number of Color 5: 38
Current Score: 0
Time Used: 915.011 seconds
999999
1629858751
2925922880881
Average score: 1629.86
Top score: 2490
board index: 238
init board: 
max_col_idx: 14
Game Board: 
132141525255111
441555451145344
535112155551541
353534521142235
455242143212444
133453442555435
141144241123515
153111223335311
441213441421134
534232325524115
353525355245255
243311341521251
323443535412141
211344243333245
253225543445543
Number of Color 1: 48
Number of Color 2: 36
Number of Color 3: 41
Number of Color 4: 47
Number of Color 5: 53
Current Score: 0
Time Used: 1027.39 seconds
999999
1541861220
2753369717244
Average score: 1541.86
Top score: 2770
board index: 239
init board: 
max_col_idx: 14
Game Board: 
231121423233313
412335521354114
233355515442523
324553544144335
535134235334454
554255233431255
324345345543133
114322532552312
335423314244115
135513452253254
414413342445135
255531525541144
525422525551233
414334541422441
224355434354522
Number of Color 1: 31
Number of Color 2: 39
Number of Color 3: 52
Number of Color 4: 49
Number of Color 5: 54
Current Score: 0
Time Used: 1026.94 seconds
999999
1703949498
3158853723234
Average score: 1703.95
Top score: 2610
board index: 240
init board: 
max_col_idx: 14
Game Board: 
253141242242455
215155335555244
534143311232313
351253443455552
324544412154142
442231125553434
554322242213545
234512551232545
235441511145252
151314515211431
341434313241523
151535232144444
151435145524312
513333345344314
521535421311535
Number of Color 1: 44
Number of Color 2: 38
Number of Color 3: 42
Number of Color 4: 48
Number of Color 5: 53
Current Score: 0
Time Used: 1027.32 seconds
999999
1267207945
1872702055249
Average score: 1267.21
Top score: 2260
board index: 241
init board: 
max_col_idx: 14
Game Board: 
453115154451144
121214244145153
424555215423145
343425211541331
553434222522122
551341225122411
213315454134442
421551233531215
355551535323152
511334234232234
523414255331422
112331244234422
435325414334244
541321135224453
135243544552154
Number of Color 1: 44
Number of Color 2: 46
Number of Color 3: 40
Number of Color 4: 49
Number of Color 5: 46
Current Score: 0
Time Used: 925.5 seconds
999999
1042481398
1303512696990
Average score: 1042.48
Top score: 2042
board index: 242
init board: 
max_col_idx: 14
Game Board: 
421343312214445
113111355211331
123433125515551
555351215134315
453111524543435
311113324124541
141325544324141
225153215513534
133244532545423
155133554525451
243232444312511
152535452431441
415224535214422
121423423552152
352213225214424
Number of Color 1: 52
Number of Color 2: 41
Number of Color 3: 40
Number of Color 4: 43
Number of Color 5: 49
Current Score: 0
Time Used: 1028.76 seconds
999999
1357176604
2223410325406
Average score: 1357.18
Top score: 2449
board index: 243
init board: 
max_col_idx: 14
Game Board: 
234544233131422
212535521333141
512332155151541
152434132324224
412114551253313
155141224531141
445352155213314
213345523152532
432231442343554
335554241142153
555135435522355
255553123155435
433432151315522
424452151423353
142234521252131
Number of Color 1: 45
Number of Color 2: 44
Number of Color 3: 46
Number of Color 4: 37
Number of Color 5: 53
Current Score: 0
Time Used: 1146.44 seconds
999999
1046757937
1360354656367
Average score: 1046.76
Top score: 2306
board index: 244
init board: 
max_col_idx: 14
Game Board: 
241221251421544
243354311321521
541442541255142
252354352425542
541541351241432
323153533341355
111145152215241
253253545242441
321552522422314
423231534513211
152555531441524
433145525122223
543531421125252
552152135412325
433352241123125
Number of Color 1: 45
Number of Color 2: 54
Number of Color 3: 35
Number of Color 4: 39
Number of Color 5: 52
Current Score: 0
Time Used: 1000.6 seconds
999999
1389804739
2283737306813
Average score: 1389.81
Top score: 2609
board index: 245
init board: 
max_col_idx: 14
Game Board: 
541314145555511
353233215224134
534353123133325
444441555312252
222111222322155
323142455552513
152322542334214
225423525223422
224444355143421
233152125422453
154111321323513
321425532353143
343441314514422
212514411213423
345314112213224
Number of Color 1: 43
Number of Color 2: 56
Number of Color 3: 45
Number of Color 4: 41
Number of Color 5: 40
Current Score: 0
Time Used: 945.52 seconds
999999
1858125264
3744632095200
Average score: 1858.13
Top score: 2736
board index: 246
init board: 
max_col_idx: 14
Game Board: 
345442351533333
413233154244235
311253215155333
543143541522553
141241213345121
154123313454242
333451415145425
343552443243331
144535223223335
445533235244321
531454414544344
223131511242233
412145251244554
143424553252223
513413113453353
Number of Color 1: 38
Number of Color 2: 37
Number of Color 3: 57
Number of Color 4: 50
Number of Color 5: 43
Current Score: 0
Time Used: 902.818 seconds
999999
1562878033
2840185160389
Average score: 1562.88
Top score: 2622
board index: 247
init board: 
max_col_idx: 14
Game Board: 
225353144524533
342222122253151
243351153414431
331324441214132
325133454434442
344411322441525
423411524112554
124451422224115
555353242515333
521211132521211
352211352312454
521252353413535
241125411444122
415225413132555
424123145241353
Number of Color 1: 48
Number of Color 2: 51
Number of Color 3: 39
Number of Color 4: 46
Number of Color 5: 41
Current Score: 0
Time Used: 1010.99 seconds
999999
1396313493
2117775807145
Average score: 1396.31
Top score: 2120
board index: 248
init board: 
max_col_idx: 14
Game Board: 
443314355355113
214143231523231
454442452143455
452213542425543
314443453324334
531543112221242
515435545335434
552153215152113
151422454341111
451541151224213
511245122121445
145253232333424
514335321411454
114331511551122
412451552233345
Number of Color 1: 50
Number of Color 2: 38
Number of Color 3: 41
Number of Color 4: 49
Number of Color 5: 47
Current Score: 0
Time Used: 1034.77 seconds
999999
1189037733
1656521653593
Average score: 1189.04
Top score: 2330
board index: 249
init board: 
max_col_idx: 14
Game Board: 
314254414433241
451213234253321
532514312225241
535325315322424
242533512114414
234141343122225
513215122342231
313134511314354
343332321343122
324423311251542
221553443223554
525344122553443
541515554321222
153345533213514
342234324255524
Number of Color 1: 39
Number of Color 2: 53
Number of Color 3: 51
Number of Color 4: 43
Number of Color 5: 39
Current Score: 0
Time Used: 985.243 seconds
999999
1386614819
2226114719209
Average score: 1386.62
Top score: 2524
total_top_score: 121601
total_avg_score: 68022
